2023-03-06 23:22:05,067 [Worker-2: Loading available Gradle versions] INFO  o.e.b.c.i.u.g.PublishedGradleVersions - Gradle version information cache is up-to-date. Trying to read.
2023-03-07 23:27:39,155 [Worker-1: Loading available Gradle versions] INFO  o.e.b.c.i.u.g.PublishedGradleVersions - Gradle version information cache is out-of-date. Trying to update.
2023-03-08 20:22:04,652 [Worker-1: Loading available Gradle versions] INFO  o.e.b.c.i.u.g.PublishedGradleVersions - Gradle version information cache is up-to-date. Trying to read.
2023-03-08 22:36:22,082 [Worker-2: Loading available Gradle versions] INFO  o.e.b.c.i.u.g.PublishedGradleVersions - Gradle version information cache is up-to-date. Trying to read.
2023-03-08 22:47:07,250 [Worker-8: Import Getting Started Content] INFO  o.e.m.c.i.e.AbstractTransferListenerAdapter - Downloading https://repo.maven.apache.org/maven2/org/springframework/boot/spring-boot-starter-parent/3.0.4/spring-boot-starter-parent-3.0.4.pom
2023-03-08 22:47:07,512 [Worker-8: Import Getting Started Content] INFO  o.e.m.c.i.e.AbstractTransferListenerAdapter - Downloaded https://repo.maven.apache.org/maven2/org/springframework/boot/spring-boot-starter-parent/3.0.4/spring-boot-starter-parent-3.0.4.pom
2023-03-08 22:47:07,730 [Worker-8: Import Getting Started Content] INFO  o.e.m.c.i.e.AbstractTransferListenerAdapter - Downloading https://repo.maven.apache.org/maven2/org/springframework/boot/spring-boot-dependencies/3.0.4/spring-boot-dependencies-3.0.4.pom
2023-03-08 22:47:08,094 [Worker-8: Import Getting Started Content] INFO  o.e.m.c.i.e.AbstractTransferListenerAdapter - Downloaded https://repo.maven.apache.org/maven2/org/springframework/boot/spring-boot-dependencies/3.0.4/spring-boot-dependencies-3.0.4.pom
2023-03-08 22:47:08,577 [Worker-8: Import Getting Started Content] INFO  o.e.m.c.i.e.AbstractTransferListenerAdapter - Downloading https://repo.maven.apache.org/maven2/io/dropwizard/metrics/metrics-bom/4.2.17/metrics-bom-4.2.17.pom
2023-03-08 22:47:08,795 [Worker-8: Import Getting Started Content] INFO  o.e.m.c.i.e.AbstractTransferListenerAdapter - Downloaded https://repo.maven.apache.org/maven2/io/dropwizard/metrics/metrics-bom/4.2.17/metrics-bom-4.2.17.pom
2023-03-08 22:47:09,177 [Worker-8: Import Getting Started Content] INFO  o.e.m.c.i.e.AbstractTransferListenerAdapter - Downloading https://repo.maven.apache.org/maven2/io/dropwizard/metrics/metrics-parent/4.2.17/metrics-parent-4.2.17.pom
2023-03-08 22:47:09,400 [Worker-8: Import Getting Started Content] INFO  o.e.m.c.i.e.AbstractTransferListenerAdapter - Downloaded https://repo.maven.apache.org/maven2/io/dropwizard/metrics/metrics-parent/4.2.17/metrics-parent-4.2.17.pom
2023-03-08 22:47:10,367 [Worker-8: Import Getting Started Content] INFO  o.e.m.c.i.e.AbstractTransferListenerAdapter - Downloading https://repo.maven.apache.org/maven2/org/eclipse/jetty/jetty-bom/11.0.14/jetty-bom-11.0.14.pom
2023-03-08 22:47:10,719 [Worker-8: Import Getting Started Content] INFO  o.e.m.c.i.e.AbstractTransferListenerAdapter - Downloaded https://repo.maven.apache.org/maven2/org/eclipse/jetty/jetty-bom/11.0.14/jetty-bom-11.0.14.pom
2023-03-08 22:47:11,711 [Worker-8: Import Getting Started Content] INFO  o.e.m.c.i.e.AbstractTransferListenerAdapter - Downloading https://repo.maven.apache.org/maven2/io/projectreactor/reactor-bom/2022.0.4/reactor-bom-2022.0.4.pom
2023-03-08 22:47:12,038 [Worker-8: Import Getting Started Content] INFO  o.e.m.c.i.e.AbstractTransferListenerAdapter - Downloaded https://repo.maven.apache.org/maven2/io/projectreactor/reactor-bom/2022.0.4/reactor-bom-2022.0.4.pom
2023-03-08 22:47:12,496 [Worker-8: Import Getting Started Content] INFO  o.e.m.c.i.e.AbstractTransferListenerAdapter - Downloading https://repo.maven.apache.org/maven2/org/springframework/data/spring-data-bom/2022.0.3/spring-data-bom-2022.0.3.pom
2023-03-08 22:47:12,780 [Worker-8: Import Getting Started Content] INFO  o.e.m.c.i.e.AbstractTransferListenerAdapter - Downloaded https://repo.maven.apache.org/maven2/org/springframework/data/spring-data-bom/2022.0.3/spring-data-bom-2022.0.3.pom
2023-03-08 22:47:13,387 [Worker-8: Import Getting Started Content] INFO  o.e.m.c.i.e.AbstractTransferListenerAdapter - Downloading https://repo.maven.apache.org/maven2/org/springframework/spring-framework-bom/6.0.6/spring-framework-bom-6.0.6.pom
2023-03-08 22:47:13,665 [Worker-8: Import Getting Started Content] INFO  o.e.m.c.i.e.AbstractTransferListenerAdapter - Downloaded https://repo.maven.apache.org/maven2/org/springframework/spring-framework-bom/6.0.6/spring-framework-bom-6.0.6.pom
2023-03-08 22:47:15,875 [Worker-8: Import Getting Started Content] INFO  o.e.m.c.i.e.AbstractTransferListenerAdapter - Downloading https://repo.maven.apache.org/maven2/org/springframework/boot/spring-boot-maven-plugin/3.0.4/spring-boot-maven-plugin-3.0.4.pom
2023-03-08 22:47:17,128 [Worker-8: Import Getting Started Content] INFO  o.e.m.c.i.e.AbstractTransferListenerAdapter - Downloaded https://repo.maven.apache.org/maven2/org/springframework/boot/spring-boot-maven-plugin/3.0.4/spring-boot-maven-plugin-3.0.4.pom
2023-03-08 22:47:17,461 [Worker-8: Import Getting Started Content] INFO  o.e.m.c.i.e.AbstractTransferListenerAdapter - Downloading https://repo.maven.apache.org/maven2/org/springframework/boot/spring-boot-maven-plugin/3.0.4/spring-boot-maven-plugin-3.0.4.jar
2023-03-08 22:47:18,877 [Worker-8: Import Getting Started Content] INFO  o.e.m.c.i.e.AbstractTransferListenerAdapter - Downloaded https://repo.maven.apache.org/maven2/org/springframework/boot/spring-boot-maven-plugin/3.0.4/spring-boot-maven-plugin-3.0.4.jar
2023-03-08 22:47:22,309 [Worker-8: Import Getting Started Content] INFO  o.e.m.c.i.l.LifecycleMappingFactory - Using org.eclipse.m2e.jdt.JarLifecycleMapping lifecycle mapping for MavenProject: prj.sd:demo:0.0.1-SNAPSHOT @ C:\Users\SALAH\eclipse 2022 workspace\spring mvc cours\demo\pom.xml.
2023-03-08 22:47:22,598 [Worker-8: Import Getting Started Content] INFO  o.e.m.c.i.e.AbstractTransferListenerAdapter - Downloading https://repo.maven.apache.org/maven2/org/springframework/boot/spring-boot-starter-data-jpa/3.0.4/spring-boot-starter-data-jpa-3.0.4.pom
2023-03-08 22:47:22,784 [Worker-8: Import Getting Started Content] INFO  o.e.m.c.i.e.AbstractTransferListenerAdapter - Downloaded https://repo.maven.apache.org/maven2/org/springframework/boot/spring-boot-starter-data-jpa/3.0.4/spring-boot-starter-data-jpa-3.0.4.pom
2023-03-08 22:47:23,062 [Worker-8: Import Getting Started Content] INFO  o.e.m.c.i.e.AbstractTransferListenerAdapter - Downloading https://repo.maven.apache.org/maven2/org/springframework/boot/spring-boot-starter-aop/3.0.4/spring-boot-starter-aop-3.0.4.pom
2023-03-08 22:47:23,883 [Worker-8: Import Getting Started Content] INFO  o.e.m.c.i.e.AbstractTransferListenerAdapter - Downloaded https://repo.maven.apache.org/maven2/org/springframework/boot/spring-boot-starter-aop/3.0.4/spring-boot-starter-aop-3.0.4.pom
2023-03-08 22:47:24,124 [Worker-8: Import Getting Started Content] INFO  o.e.m.c.i.e.AbstractTransferListenerAdapter - Downloading https://repo.maven.apache.org/maven2/org/springframework/boot/spring-boot-starter/3.0.4/spring-boot-starter-3.0.4.pom
2023-03-08 22:47:24,247 [Worker-8: Import Getting Started Content] INFO  o.e.m.c.i.e.AbstractTransferListenerAdapter - Downloaded https://repo.maven.apache.org/maven2/org/springframework/boot/spring-boot-starter/3.0.4/spring-boot-starter-3.0.4.pom
2023-03-08 22:47:24,358 [Worker-8: Import Getting Started Content] INFO  o.e.m.c.i.e.AbstractTransferListenerAdapter - Downloading https://repo.maven.apache.org/maven2/org/springframework/boot/spring-boot/3.0.4/spring-boot-3.0.4.pom
2023-03-08 22:47:24,501 [Worker-8: Import Getting Started Content] INFO  o.e.m.c.i.e.AbstractTransferListenerAdapter - Downloaded https://repo.maven.apache.org/maven2/org/springframework/boot/spring-boot/3.0.4/spring-boot-3.0.4.pom
2023-03-08 22:47:24,748 [Worker-8: Import Getting Started Content] INFO  o.e.m.c.i.e.AbstractTransferListenerAdapter - Downloading https://repo.maven.apache.org/maven2/org/springframework/spring-core/6.0.6/spring-core-6.0.6.pom
2023-03-08 22:47:24,844 [Worker-8: Import Getting Started Content] INFO  o.e.m.c.i.e.AbstractTransferListenerAdapter - Downloaded https://repo.maven.apache.org/maven2/org/springframework/spring-core/6.0.6/spring-core-6.0.6.pom
2023-03-08 22:47:24,927 [Worker-8: Import Getting Started Content] INFO  o.e.m.c.i.e.AbstractTransferListenerAdapter - Downloading https://repo.maven.apache.org/maven2/org/springframework/spring-jcl/6.0.6/spring-jcl-6.0.6.pom
2023-03-08 22:47:25,050 [Worker-8: Import Getting Started Content] INFO  o.e.m.c.i.e.AbstractTransferListenerAdapter - Downloaded https://repo.maven.apache.org/maven2/org/springframework/spring-jcl/6.0.6/spring-jcl-6.0.6.pom
2023-03-08 22:47:25,224 [Worker-8: Import Getting Started Content] INFO  o.e.m.c.i.e.AbstractTransferListenerAdapter - Downloading https://repo.maven.apache.org/maven2/org/springframework/spring-context/6.0.6/spring-context-6.0.6.pom
2023-03-08 22:47:25,397 [Worker-8: Import Getting Started Content] INFO  o.e.m.c.i.e.AbstractTransferListenerAdapter - Downloaded https://repo.maven.apache.org/maven2/org/springframework/spring-context/6.0.6/spring-context-6.0.6.pom
2023-03-08 22:47:25,551 [Worker-8: Import Getting Started Content] INFO  o.e.m.c.i.e.AbstractTransferListenerAdapter - Downloading https://repo.maven.apache.org/maven2/org/springframework/spring-aop/6.0.6/spring-aop-6.0.6.pom
2023-03-08 22:47:25,748 [Worker-8: Import Getting Started Content] INFO  o.e.m.c.i.e.AbstractTransferListenerAdapter - Downloaded https://repo.maven.apache.org/maven2/org/springframework/spring-aop/6.0.6/spring-aop-6.0.6.pom
2023-03-08 22:47:26,061 [Worker-8: Import Getting Started Content] INFO  o.e.m.c.i.e.AbstractTransferListenerAdapter - Downloading https://repo.maven.apache.org/maven2/org/springframework/spring-beans/6.0.6/spring-beans-6.0.6.pom
2023-03-08 22:47:26,236 [Worker-8: Import Getting Started Content] INFO  o.e.m.c.i.e.AbstractTransferListenerAdapter - Downloaded https://repo.maven.apache.org/maven2/org/springframework/spring-beans/6.0.6/spring-beans-6.0.6.pom
2023-03-08 22:47:26,561 [Worker-8: Import Getting Started Content] INFO  o.e.m.c.i.e.AbstractTransferListenerAdapter - Downloading https://repo.maven.apache.org/maven2/org/springframework/spring-expression/6.0.6/spring-expression-6.0.6.pom
2023-03-08 22:47:26,745 [Worker-8: Import Getting Started Content] INFO  o.e.m.c.i.e.AbstractTransferListenerAdapter - Downloaded https://repo.maven.apache.org/maven2/org/springframework/spring-expression/6.0.6/spring-expression-6.0.6.pom
2023-03-08 22:47:26,937 [Worker-8: Import Getting Started Content] INFO  o.e.m.c.i.e.AbstractTransferListenerAdapter - Downloading https://repo.maven.apache.org/maven2/org/springframework/boot/spring-boot-autoconfigure/3.0.4/spring-boot-autoconfigure-3.0.4.pom
2023-03-08 22:47:27,127 [Worker-8: Import Getting Started Content] INFO  o.e.m.c.i.e.AbstractTransferListenerAdapter - Downloaded https://repo.maven.apache.org/maven2/org/springframework/boot/spring-boot-autoconfigure/3.0.4/spring-boot-autoconfigure-3.0.4.pom
2023-03-08 22:47:27,274 [Worker-8: Import Getting Started Content] INFO  o.e.m.c.i.e.AbstractTransferListenerAdapter - Downloading https://repo.maven.apache.org/maven2/org/springframework/boot/spring-boot-starter-logging/3.0.4/spring-boot-starter-logging-3.0.4.pom
2023-03-08 22:47:27,434 [Worker-8: Import Getting Started Content] INFO  o.e.m.c.i.e.AbstractTransferListenerAdapter - Downloaded https://repo.maven.apache.org/maven2/org/springframework/boot/spring-boot-starter-logging/3.0.4/spring-boot-starter-logging-3.0.4.pom
2023-03-08 22:47:28,680 [Worker-8: Import Getting Started Content] INFO  o.e.m.c.i.e.AbstractTransferListenerAdapter - Downloading https://repo.maven.apache.org/maven2/org/springframework/boot/spring-boot-starter-jdbc/3.0.4/spring-boot-starter-jdbc-3.0.4.pom
2023-03-08 22:47:29,033 [Worker-8: Import Getting Started Content] INFO  o.e.m.c.i.e.AbstractTransferListenerAdapter - Downloaded https://repo.maven.apache.org/maven2/org/springframework/boot/spring-boot-starter-jdbc/3.0.4/spring-boot-starter-jdbc-3.0.4.pom
2023-03-08 22:47:29,298 [Worker-8: Import Getting Started Content] INFO  o.e.m.c.i.e.AbstractTransferListenerAdapter - Downloading https://repo.maven.apache.org/maven2/org/springframework/spring-jdbc/6.0.6/spring-jdbc-6.0.6.pom
2023-03-08 22:47:29,583 [Worker-8: Import Getting Started Content] INFO  o.e.m.c.i.e.AbstractTransferListenerAdapter - Downloaded https://repo.maven.apache.org/maven2/org/springframework/spring-jdbc/6.0.6/spring-jdbc-6.0.6.pom
2023-03-08 22:47:29,768 [Worker-8: Import Getting Started Content] INFO  o.e.m.c.i.e.AbstractTransferListenerAdapter - Downloading https://repo.maven.apache.org/maven2/org/springframework/spring-tx/6.0.6/spring-tx-6.0.6.pom
2023-03-08 22:47:29,955 [Worker-8: Import Getting Started Content] INFO  o.e.m.c.i.e.AbstractTransferListenerAdapter - Downloaded https://repo.maven.apache.org/maven2/org/springframework/spring-tx/6.0.6/spring-tx-6.0.6.pom
2023-03-08 22:47:31,309 [Worker-8: Import Getting Started Content] INFO  o.e.m.c.i.e.AbstractTransferListenerAdapter - Downloading https://repo.maven.apache.org/maven2/org/springframework/data/spring-data-jpa/3.0.3/spring-data-jpa-3.0.3.pom
2023-03-08 22:47:31,575 [Worker-8: Import Getting Started Content] INFO  o.e.m.c.i.e.AbstractTransferListenerAdapter - Downloaded https://repo.maven.apache.org/maven2/org/springframework/data/spring-data-jpa/3.0.3/spring-data-jpa-3.0.3.pom
2023-03-08 22:47:31,836 [Worker-8: Import Getting Started Content] INFO  o.e.m.c.i.e.AbstractTransferListenerAdapter - Downloading https://repo.maven.apache.org/maven2/org/springframework/data/spring-data-jpa-parent/3.0.3/spring-data-jpa-parent-3.0.3.pom
2023-03-08 22:47:32,016 [Worker-8: Import Getting Started Content] INFO  o.e.m.c.i.e.AbstractTransferListenerAdapter - Downloaded https://repo.maven.apache.org/maven2/org/springframework/data/spring-data-jpa-parent/3.0.3/spring-data-jpa-parent-3.0.3.pom
2023-03-08 22:47:32,192 [Worker-8: Import Getting Started Content] INFO  o.e.m.c.i.e.AbstractTransferListenerAdapter - Downloading https://repo.maven.apache.org/maven2/org/springframework/data/build/spring-data-parent/3.0.3/spring-data-parent-3.0.3.pom
2023-03-08 22:47:32,381 [Worker-8: Import Getting Started Content] INFO  o.e.m.c.i.e.AbstractTransferListenerAdapter - Downloaded https://repo.maven.apache.org/maven2/org/springframework/data/build/spring-data-parent/3.0.3/spring-data-parent-3.0.3.pom
2023-03-08 22:47:32,550 [Worker-8: Import Getting Started Content] INFO  o.e.m.c.i.e.AbstractTransferListenerAdapter - Downloading https://repo.maven.apache.org/maven2/org/springframework/data/build/spring-data-build/3.0.3/spring-data-build-3.0.3.pom
2023-03-08 22:47:32,724 [Worker-8: Import Getting Started Content] INFO  o.e.m.c.i.e.AbstractTransferListenerAdapter - Downloaded https://repo.maven.apache.org/maven2/org/springframework/data/build/spring-data-build/3.0.3/spring-data-build-3.0.3.pom
2023-03-08 22:47:33,015 [Worker-8: Import Getting Started Content] INFO  o.e.m.c.i.e.AbstractTransferListenerAdapter - Downloading https://repo.maven.apache.org/maven2/org/springframework/data/spring-data-commons/3.0.3/spring-data-commons-3.0.3.pom
2023-03-08 22:47:33,228 [Worker-8: Import Getting Started Content] INFO  o.e.m.c.i.e.AbstractTransferListenerAdapter - Downloaded https://repo.maven.apache.org/maven2/org/springframework/data/spring-data-commons/3.0.3/spring-data-commons-3.0.3.pom
2023-03-08 22:47:33,459 [Worker-8: Import Getting Started Content] INFO  o.e.m.c.i.e.AbstractTransferListenerAdapter - Downloading https://repo.maven.apache.org/maven2/org/springframework/spring-orm/6.0.6/spring-orm-6.0.6.pom
2023-03-08 22:47:33,723 [Worker-8: Import Getting Started Content] INFO  o.e.m.c.i.e.AbstractTransferListenerAdapter - Downloaded https://repo.maven.apache.org/maven2/org/springframework/spring-orm/6.0.6/spring-orm-6.0.6.pom
2023-03-08 22:47:33,981 [Worker-8: Import Getting Started Content] INFO  o.e.m.c.i.e.AbstractTransferListenerAdapter - Downloading https://repo.maven.apache.org/maven2/org/springframework/spring-aspects/6.0.6/spring-aspects-6.0.6.pom
2023-03-08 22:47:34,275 [Worker-8: Import Getting Started Content] INFO  o.e.m.c.i.e.AbstractTransferListenerAdapter - Downloaded https://repo.maven.apache.org/maven2/org/springframework/spring-aspects/6.0.6/spring-aspects-6.0.6.pom
2023-03-08 22:47:34,452 [Worker-8: Import Getting Started Content] INFO  o.e.m.c.i.e.AbstractTransferListenerAdapter - Downloading https://repo.maven.apache.org/maven2/org/springframework/boot/spring-boot-starter-thymeleaf/3.0.4/spring-boot-starter-thymeleaf-3.0.4.pom
2023-03-08 22:47:34,711 [Worker-8: Import Getting Started Content] INFO  o.e.m.c.i.e.AbstractTransferListenerAdapter - Downloaded https://repo.maven.apache.org/maven2/org/springframework/boot/spring-boot-starter-thymeleaf/3.0.4/spring-boot-starter-thymeleaf-3.0.4.pom
2023-03-08 22:47:35,013 [Worker-8: Import Getting Started Content] INFO  o.e.m.c.i.e.AbstractTransferListenerAdapter - Downloading https://repo.maven.apache.org/maven2/org/thymeleaf/thymeleaf-spring6/3.1.1.RELEASE/thymeleaf-spring6-3.1.1.RELEASE.pom
2023-03-08 22:47:35,815 [Worker-8: Import Getting Started Content] INFO  o.e.m.c.i.e.AbstractTransferListenerAdapter - Downloaded https://repo.maven.apache.org/maven2/org/thymeleaf/thymeleaf-spring6/3.1.1.RELEASE/thymeleaf-spring6-3.1.1.RELEASE.pom
2023-03-08 22:47:36,269 [Worker-8: Import Getting Started Content] INFO  o.e.m.c.i.e.AbstractTransferListenerAdapter - Downloading https://repo.maven.apache.org/maven2/org/thymeleaf/thymeleaf-lib/3.1.1.RELEASE/thymeleaf-lib-3.1.1.RELEASE.pom
2023-03-08 22:47:37,224 [Worker-8: Import Getting Started Content] INFO  o.e.m.c.i.e.AbstractTransferListenerAdapter - Downloaded https://repo.maven.apache.org/maven2/org/thymeleaf/thymeleaf-lib/3.1.1.RELEASE/thymeleaf-lib-3.1.1.RELEASE.pom
2023-03-08 22:47:37,518 [Worker-8: Import Getting Started Content] INFO  o.e.m.c.i.e.AbstractTransferListenerAdapter - Downloading https://repo.maven.apache.org/maven2/org/thymeleaf/thymeleaf-parent/3.1.1.RELEASE/thymeleaf-parent-3.1.1.RELEASE.pom
2023-03-08 22:47:37,695 [Worker-8: Import Getting Started Content] INFO  o.e.m.c.i.e.AbstractTransferListenerAdapter - Downloaded https://repo.maven.apache.org/maven2/org/thymeleaf/thymeleaf-parent/3.1.1.RELEASE/thymeleaf-parent-3.1.1.RELEASE.pom
2023-03-08 22:47:38,212 [Worker-8: Import Getting Started Content] INFO  o.e.m.c.i.e.AbstractTransferListenerAdapter - Downloading https://repo.maven.apache.org/maven2/org/thymeleaf/thymeleaf/3.1.1.RELEASE/thymeleaf-3.1.1.RELEASE.pom
2023-03-08 22:47:38,449 [Worker-8: Import Getting Started Content] INFO  o.e.m.c.i.e.AbstractTransferListenerAdapter - Downloaded https://repo.maven.apache.org/maven2/org/thymeleaf/thymeleaf/3.1.1.RELEASE/thymeleaf-3.1.1.RELEASE.pom
2023-03-08 22:47:38,875 [Worker-8: Import Getting Started Content] INFO  o.e.m.c.i.e.AbstractTransferListenerAdapter - Downloading https://repo.maven.apache.org/maven2/org/springframework/boot/spring-boot-starter-web/3.0.4/spring-boot-starter-web-3.0.4.pom
2023-03-08 22:47:39,076 [Worker-8: Import Getting Started Content] INFO  o.e.m.c.i.e.AbstractTransferListenerAdapter - Downloaded https://repo.maven.apache.org/maven2/org/springframework/boot/spring-boot-starter-web/3.0.4/spring-boot-starter-web-3.0.4.pom
2023-03-08 22:47:39,325 [Worker-8: Import Getting Started Content] INFO  o.e.m.c.i.e.AbstractTransferListenerAdapter - Downloading https://repo.maven.apache.org/maven2/org/springframework/boot/spring-boot-starter-json/3.0.4/spring-boot-starter-json-3.0.4.pom
2023-03-08 22:47:39,578 [Worker-8: Import Getting Started Content] INFO  o.e.m.c.i.e.AbstractTransferListenerAdapter - Downloaded https://repo.maven.apache.org/maven2/org/springframework/boot/spring-boot-starter-json/3.0.4/spring-boot-starter-json-3.0.4.pom
2023-03-08 22:47:39,814 [Worker-8: Import Getting Started Content] INFO  o.e.m.c.i.e.AbstractTransferListenerAdapter - Downloading https://repo.maven.apache.org/maven2/org/springframework/spring-web/6.0.6/spring-web-6.0.6.pom
2023-03-08 22:47:40,006 [Worker-8: Import Getting Started Content] INFO  o.e.m.c.i.e.AbstractTransferListenerAdapter - Downloaded https://repo.maven.apache.org/maven2/org/springframework/spring-web/6.0.6/spring-web-6.0.6.pom
2023-03-08 22:47:40,717 [Worker-8: Import Getting Started Content] INFO  o.e.m.c.i.e.AbstractTransferListenerAdapter - Downloading https://repo.maven.apache.org/maven2/org/springframework/boot/spring-boot-starter-tomcat/3.0.4/spring-boot-starter-tomcat-3.0.4.pom
2023-03-08 22:47:40,926 [Worker-8: Import Getting Started Content] INFO  o.e.m.c.i.e.AbstractTransferListenerAdapter - Downloaded https://repo.maven.apache.org/maven2/org/springframework/boot/spring-boot-starter-tomcat/3.0.4/spring-boot-starter-tomcat-3.0.4.pom
2023-03-08 22:47:41,497 [Worker-8: Import Getting Started Content] INFO  o.e.m.c.i.e.AbstractTransferListenerAdapter - Downloading https://repo.maven.apache.org/maven2/org/springframework/spring-webmvc/6.0.6/spring-webmvc-6.0.6.pom
2023-03-08 22:47:41,737 [Worker-8: Import Getting Started Content] INFO  o.e.m.c.i.e.AbstractTransferListenerAdapter - Downloaded https://repo.maven.apache.org/maven2/org/springframework/spring-webmvc/6.0.6/spring-webmvc-6.0.6.pom
2023-03-08 22:47:42,054 [Worker-8: Import Getting Started Content] INFO  o.e.m.c.i.e.AbstractTransferListenerAdapter - Downloading https://repo.maven.apache.org/maven2/org/springframework/boot/spring-boot-starter-test/3.0.4/spring-boot-starter-test-3.0.4.pom
2023-03-08 22:47:42,178 [Worker-8: Import Getting Started Content] INFO  o.e.m.c.i.e.AbstractTransferListenerAdapter - Downloaded https://repo.maven.apache.org/maven2/org/springframework/boot/spring-boot-starter-test/3.0.4/spring-boot-starter-test-3.0.4.pom
2023-03-08 22:47:42,331 [Worker-8: Import Getting Started Content] INFO  o.e.m.c.i.e.AbstractTransferListenerAdapter - Downloading https://repo.maven.apache.org/maven2/org/springframework/boot/spring-boot-test/3.0.4/spring-boot-test-3.0.4.pom
2023-03-08 22:47:42,540 [Worker-8: Import Getting Started Content] INFO  o.e.m.c.i.e.AbstractTransferListenerAdapter - Downloaded https://repo.maven.apache.org/maven2/org/springframework/boot/spring-boot-test/3.0.4/spring-boot-test-3.0.4.pom
2023-03-08 22:47:42,850 [Worker-8: Import Getting Started Content] INFO  o.e.m.c.i.e.AbstractTransferListenerAdapter - Downloading https://repo.maven.apache.org/maven2/org/springframework/boot/spring-boot-test-autoconfigure/3.0.4/spring-boot-test-autoconfigure-3.0.4.pom
2023-03-08 22:47:43,301 [Worker-8: Import Getting Started Content] INFO  o.e.m.c.i.e.AbstractTransferListenerAdapter - Downloaded https://repo.maven.apache.org/maven2/org/springframework/boot/spring-boot-test-autoconfigure/3.0.4/spring-boot-test-autoconfigure-3.0.4.pom
2023-03-08 22:47:44,694 [Worker-8: Import Getting Started Content] INFO  o.e.m.c.i.e.AbstractTransferListenerAdapter - Downloading https://repo.maven.apache.org/maven2/org/springframework/spring-test/6.0.6/spring-test-6.0.6.pom
2023-03-08 22:47:46,201 [Worker-8: Import Getting Started Content] INFO  o.e.m.c.i.e.AbstractTransferListenerAdapter - Downloaded https://repo.maven.apache.org/maven2/org/springframework/spring-test/6.0.6/spring-test-6.0.6.pom
2023-03-08 22:47:47,573 [AetherRepositoryConnector-repo.maven.apache.org-0-0] INFO  o.e.m.c.i.e.AbstractTransferListenerAdapter - Downloading https://repo.maven.apache.org/maven2/org/springframework/boot/spring-boot-starter-data-jpa/3.0.4/spring-boot-starter-data-jpa-3.0.4.jar
2023-03-08 22:47:47,994 [AetherRepositoryConnector-repo.maven.apache.org-0-3] INFO  o.e.m.c.i.e.AbstractTransferListenerAdapter - Downloading https://repo.maven.apache.org/maven2/org/springframework/boot/spring-boot-starter-jdbc/3.0.4/spring-boot-starter-jdbc-3.0.4.jar
2023-03-08 22:47:48,028 [AetherRepositoryConnector-repo.maven.apache.org-0-2] INFO  o.e.m.c.i.e.AbstractTransferListenerAdapter - Downloading https://repo.maven.apache.org/maven2/org/springframework/spring-aop/6.0.6/spring-aop-6.0.6.jar
2023-03-08 22:47:48,343 [AetherRepositoryConnector-repo.maven.apache.org-0-4] INFO  o.e.m.c.i.e.AbstractTransferListenerAdapter - Downloading https://repo.maven.apache.org/maven2/org/springframework/spring-jdbc/6.0.6/spring-jdbc-6.0.6.jar
2023-03-08 22:47:48,347 [AetherRepositoryConnector-repo.maven.apache.org-0-1] INFO  o.e.m.c.i.e.AbstractTransferListenerAdapter - Downloading https://repo.maven.apache.org/maven2/org/springframework/boot/spring-boot-starter-aop/3.0.4/spring-boot-starter-aop-3.0.4.jar
2023-03-08 22:47:48,907 [AetherRepositoryConnector-repo.maven.apache.org-0-0] INFO  o.e.m.c.i.e.AbstractTransferListenerAdapter - Downloaded https://repo.maven.apache.org/maven2/org/springframework/boot/spring-boot-starter-data-jpa/3.0.4/spring-boot-starter-data-jpa-3.0.4.jar
2023-03-08 22:47:49,187 [AetherRepositoryConnector-repo.maven.apache.org-0-3] INFO  o.e.m.c.i.e.AbstractTransferListenerAdapter - Downloaded https://repo.maven.apache.org/maven2/org/springframework/boot/spring-boot-starter-jdbc/3.0.4/spring-boot-starter-jdbc-3.0.4.jar
2023-03-08 22:47:49,190 [AetherRepositoryConnector-repo.maven.apache.org-0-1] INFO  o.e.m.c.i.e.AbstractTransferListenerAdapter - Downloaded https://repo.maven.apache.org/maven2/org/springframework/boot/spring-boot-starter-aop/3.0.4/spring-boot-starter-aop-3.0.4.jar
2023-03-08 22:47:49,416 [AetherRepositoryConnector-repo.maven.apache.org-0-0] INFO  o.e.m.c.i.e.AbstractTransferListenerAdapter - Downloading https://repo.maven.apache.org/maven2/org/springframework/data/spring-data-jpa/3.0.3/spring-data-jpa-3.0.3.jar
2023-03-08 22:47:49,536 [AetherRepositoryConnector-repo.maven.apache.org-0-1] INFO  o.e.m.c.i.e.AbstractTransferListenerAdapter - Downloading https://repo.maven.apache.org/maven2/org/springframework/spring-orm/6.0.6/spring-orm-6.0.6.jar
2023-03-08 22:47:49,577 [AetherRepositoryConnector-repo.maven.apache.org-0-3] INFO  o.e.m.c.i.e.AbstractTransferListenerAdapter - Downloading https://repo.maven.apache.org/maven2/org/springframework/data/spring-data-commons/3.0.3/spring-data-commons-3.0.3.jar
2023-03-08 22:47:50,400 [AetherRepositoryConnector-repo.maven.apache.org-0-2] INFO  o.e.m.c.i.e.AbstractTransferListenerAdapter - Downloaded https://repo.maven.apache.org/maven2/org/springframework/spring-aop/6.0.6/spring-aop-6.0.6.jar
2023-03-08 22:47:52,233 [AetherRepositoryConnector-repo.maven.apache.org-0-2] INFO  o.e.m.c.i.e.AbstractTransferListenerAdapter - Downloading https://repo.maven.apache.org/maven2/org/springframework/spring-context/6.0.6/spring-context-6.0.6.jar
2023-03-08 22:47:53,959 [AetherRepositoryConnector-repo.maven.apache.org-0-1] INFO  o.e.m.c.i.e.AbstractTransferListenerAdapter - Downloaded https://repo.maven.apache.org/maven2/org/springframework/spring-orm/6.0.6/spring-orm-6.0.6.jar
2023-03-08 22:47:54,423 [AetherRepositoryConnector-repo.maven.apache.org-0-1] INFO  o.e.m.c.i.e.AbstractTransferListenerAdapter - Downloading https://repo.maven.apache.org/maven2/org/springframework/spring-tx/6.0.6/spring-tx-6.0.6.jar
2023-03-08 22:47:54,586 [AetherRepositoryConnector-repo.maven.apache.org-0-4] INFO  o.e.m.c.i.e.AbstractTransferListenerAdapter - Downloaded https://repo.maven.apache.org/maven2/org/springframework/spring-jdbc/6.0.6/spring-jdbc-6.0.6.jar
2023-03-08 22:47:54,973 [AetherRepositoryConnector-repo.maven.apache.org-0-4] INFO  o.e.m.c.i.e.AbstractTransferListenerAdapter - Downloading https://repo.maven.apache.org/maven2/org/springframework/spring-beans/6.0.6/spring-beans-6.0.6.jar
2023-03-08 22:48:20,126 [AetherRepositoryConnector-repo.maven.apache.org-0-0] INFO  o.e.m.c.i.e.AbstractTransferListenerAdapter - Downloaded https://repo.maven.apache.org/maven2/org/springframework/data/spring-data-jpa/3.0.3/spring-data-jpa-3.0.3.jar
2023-03-08 22:48:20,500 [AetherRepositoryConnector-repo.maven.apache.org-0-0] INFO  o.e.m.c.i.e.AbstractTransferListenerAdapter - Downloading https://repo.maven.apache.org/maven2/org/springframework/spring-aspects/6.0.6/spring-aspects-6.0.6.jar
2023-03-08 22:48:21,680 [AetherRepositoryConnector-repo.maven.apache.org-0-0] INFO  o.e.m.c.i.e.AbstractTransferListenerAdapter - Downloaded https://repo.maven.apache.org/maven2/org/springframework/spring-aspects/6.0.6/spring-aspects-6.0.6.jar
2023-03-08 22:48:22,968 [AetherRepositoryConnector-repo.maven.apache.org-0-0] INFO  o.e.m.c.i.e.AbstractTransferListenerAdapter - Downloading https://repo.maven.apache.org/maven2/org/springframework/boot/spring-boot-starter-thymeleaf/3.0.4/spring-boot-starter-thymeleaf-3.0.4.jar
2023-03-08 22:48:26,959 [AetherRepositoryConnector-repo.maven.apache.org-0-1] INFO  o.e.m.c.i.e.AbstractTransferListenerAdapter - Downloaded https://repo.maven.apache.org/maven2/org/springframework/spring-tx/6.0.6/spring-tx-6.0.6.jar
2023-03-08 22:48:26,960 [AetherRepositoryConnector-repo.maven.apache.org-0-0] INFO  o.e.m.c.i.e.AbstractTransferListenerAdapter - Downloaded https://repo.maven.apache.org/maven2/org/springframework/boot/spring-boot-starter-thymeleaf/3.0.4/spring-boot-starter-thymeleaf-3.0.4.jar
2023-03-08 22:48:31,353 [AetherRepositoryConnector-repo.maven.apache.org-0-0] INFO  o.e.m.c.i.e.AbstractTransferListenerAdapter - Downloading https://repo.maven.apache.org/maven2/org/springframework/boot/spring-boot/3.0.4/spring-boot-3.0.4.jar
2023-03-08 22:48:31,353 [AetherRepositoryConnector-repo.maven.apache.org-0-1] INFO  o.e.m.c.i.e.AbstractTransferListenerAdapter - Downloading https://repo.maven.apache.org/maven2/org/springframework/boot/spring-boot-starter/3.0.4/spring-boot-starter-3.0.4.jar
2023-03-08 22:48:31,938 [AetherRepositoryConnector-repo.maven.apache.org-0-1] INFO  o.e.m.c.i.e.AbstractTransferListenerAdapter - Downloaded https://repo.maven.apache.org/maven2/org/springframework/boot/spring-boot-starter/3.0.4/spring-boot-starter-3.0.4.jar
2023-03-08 22:48:32,647 [AetherRepositoryConnector-repo.maven.apache.org-0-1] INFO  o.e.m.c.i.e.AbstractTransferListenerAdapter - Downloading https://repo.maven.apache.org/maven2/org/springframework/boot/spring-boot-autoconfigure/3.0.4/spring-boot-autoconfigure-3.0.4.jar
2023-03-08 22:48:33,637 [AetherRepositoryConnector-repo.maven.apache.org-0-4] INFO  o.e.m.c.i.e.AbstractTransferListenerAdapter - Downloaded https://repo.maven.apache.org/maven2/org/springframework/spring-beans/6.0.6/spring-beans-6.0.6.jar
2023-03-08 22:48:34,032 [AetherRepositoryConnector-repo.maven.apache.org-0-3] INFO  o.e.m.c.i.e.AbstractTransferListenerAdapter - Downloaded https://repo.maven.apache.org/maven2/org/springframework/data/spring-data-commons/3.0.3/spring-data-commons-3.0.3.jar
2023-03-08 22:48:34,032 [AetherRepositoryConnector-repo.maven.apache.org-0-2] INFO  o.e.m.c.i.e.AbstractTransferListenerAdapter - Downloaded https://repo.maven.apache.org/maven2/org/springframework/spring-context/6.0.6/spring-context-6.0.6.jar
2023-03-08 22:48:34,153 [AetherRepositoryConnector-repo.maven.apache.org-0-4] INFO  o.e.m.c.i.e.AbstractTransferListenerAdapter - Downloading https://repo.maven.apache.org/maven2/org/springframework/boot/spring-boot-starter-logging/3.0.4/spring-boot-starter-logging-3.0.4.jar
2023-03-08 22:48:34,597 [AetherRepositoryConnector-repo.maven.apache.org-0-3] INFO  o.e.m.c.i.e.AbstractTransferListenerAdapter - Downloading https://repo.maven.apache.org/maven2/org/thymeleaf/thymeleaf-spring6/3.1.1.RELEASE/thymeleaf-spring6-3.1.1.RELEASE.jar
2023-03-08 22:48:34,598 [AetherRepositoryConnector-repo.maven.apache.org-0-2] INFO  o.e.m.c.i.e.AbstractTransferListenerAdapter - Downloading https://repo.maven.apache.org/maven2/org/thymeleaf/thymeleaf/3.1.1.RELEASE/thymeleaf-3.1.1.RELEASE.jar
2023-03-08 22:48:34,661 [AetherRepositoryConnector-repo.maven.apache.org-0-4] INFO  o.e.m.c.i.e.AbstractTransferListenerAdapter - Downloaded https://repo.maven.apache.org/maven2/org/springframework/boot/spring-boot-starter-logging/3.0.4/spring-boot-starter-logging-3.0.4.jar
2023-03-08 22:48:38,595 [AetherRepositoryConnector-repo.maven.apache.org-0-4] INFO  o.e.m.c.i.e.AbstractTransferListenerAdapter - Downloading https://repo.maven.apache.org/maven2/org/springframework/boot/spring-boot-starter-web/3.0.4/spring-boot-starter-web-3.0.4.jar
2023-03-08 22:48:50,166 [AetherRepositoryConnector-repo.maven.apache.org-0-0] INFO  o.e.m.c.i.e.AbstractTransferListenerAdapter - Downloaded https://repo.maven.apache.org/maven2/org/springframework/boot/spring-boot/3.0.4/spring-boot-3.0.4.jar
2023-03-08 22:49:31,972 [AetherRepositoryConnector-repo.maven.apache.org-0-3] INFO  o.e.m.c.i.e.AbstractTransferListenerAdapter - Downloaded https://repo.maven.apache.org/maven2/org/thymeleaf/thymeleaf-spring6/3.1.1.RELEASE/thymeleaf-spring6-3.1.1.RELEASE.jar
2023-03-08 22:50:10,186 [AetherRepositoryConnector-repo.maven.apache.org-0-4] INFO  o.e.m.c.i.e.AbstractTransferListenerAdapter - Downloaded https://repo.maven.apache.org/maven2/org/springframework/boot/spring-boot-starter-web/3.0.4/spring-boot-starter-web-3.0.4.jar
2023-03-08 22:50:29,723 [AetherRepositoryConnector-repo.maven.apache.org-0-1] INFO  o.e.m.c.i.e.AbstractTransferListenerAdapter - Downloaded https://repo.maven.apache.org/maven2/org/springframework/boot/spring-boot-autoconfigure/3.0.4/spring-boot-autoconfigure-3.0.4.jar
2023-03-08 22:50:29,727 [AetherRepositoryConnector-repo.maven.apache.org-0-4] INFO  o.e.m.c.i.e.AbstractTransferListenerAdapter - Downloading https://repo.maven.apache.org/maven2/org/springframework/spring-web/6.0.6/spring-web-6.0.6.jar
2023-03-08 22:50:29,677 [AetherRepositoryConnector-repo.maven.apache.org-0-0] INFO  o.e.m.c.i.e.AbstractTransferListenerAdapter - Downloading https://repo.maven.apache.org/maven2/org/springframework/boot/spring-boot-starter-json/3.0.4/spring-boot-starter-json-3.0.4.jar
2023-03-08 22:50:29,677 [AetherRepositoryConnector-repo.maven.apache.org-0-3] INFO  o.e.m.c.i.e.AbstractTransferListenerAdapter - Downloading https://repo.maven.apache.org/maven2/org/springframework/boot/spring-boot-starter-tomcat/3.0.4/spring-boot-starter-tomcat-3.0.4.jar
2023-03-08 22:51:00,498 [AetherRepositoryConnector-repo.maven.apache.org-0-1] INFO  o.e.m.c.i.e.AbstractTransferListenerAdapter - Downloading https://repo.maven.apache.org/maven2/org/springframework/spring-webmvc/6.0.6/spring-webmvc-6.0.6.jar
2023-03-08 22:51:00,503 [AetherRepositoryConnector-repo.maven.apache.org-0-3] INFO  o.e.m.c.i.e.AbstractTransferListenerAdapter - Downloaded https://repo.maven.apache.org/maven2/org/springframework/boot/spring-boot-starter-tomcat/3.0.4/spring-boot-starter-tomcat-3.0.4.jar
2023-03-08 22:51:00,508 [AetherRepositoryConnector-repo.maven.apache.org-0-0] INFO  o.e.m.c.i.e.AbstractTransferListenerAdapter - Downloaded https://repo.maven.apache.org/maven2/org/springframework/boot/spring-boot-starter-json/3.0.4/spring-boot-starter-json-3.0.4.jar
2023-03-08 22:51:00,510 [AetherRepositoryConnector-repo.maven.apache.org-0-2] INFO  o.e.m.c.i.e.AbstractTransferListenerAdapter - Downloaded https://repo.maven.apache.org/maven2/org/thymeleaf/thymeleaf/3.1.1.RELEASE/thymeleaf-3.1.1.RELEASE.jar
2023-03-08 22:51:00,576 [AetherRepositoryConnector-repo.maven.apache.org-0-3] INFO  o.e.m.c.i.e.AbstractTransferListenerAdapter - Downloading https://repo.maven.apache.org/maven2/org/springframework/spring-expression/6.0.6/spring-expression-6.0.6.jar
2023-03-08 22:51:00,589 [AetherRepositoryConnector-repo.maven.apache.org-0-0] INFO  o.e.m.c.i.e.AbstractTransferListenerAdapter - Downloading https://repo.maven.apache.org/maven2/org/springframework/boot/spring-boot-starter-test/3.0.4/spring-boot-starter-test-3.0.4.jar
2023-03-08 22:51:00,590 [AetherRepositoryConnector-repo.maven.apache.org-0-2] INFO  o.e.m.c.i.e.AbstractTransferListenerAdapter - Downloading https://repo.maven.apache.org/maven2/org/springframework/boot/spring-boot-test/3.0.4/spring-boot-test-3.0.4.jar
2023-03-08 22:51:00,741 [AetherRepositoryConnector-repo.maven.apache.org-0-0] INFO  o.e.m.c.i.e.AbstractTransferListenerAdapter - Downloaded https://repo.maven.apache.org/maven2/org/springframework/boot/spring-boot-starter-test/3.0.4/spring-boot-starter-test-3.0.4.jar
2023-03-08 22:51:00,894 [AetherRepositoryConnector-repo.maven.apache.org-0-0] INFO  o.e.m.c.i.e.AbstractTransferListenerAdapter - Downloading https://repo.maven.apache.org/maven2/org/springframework/boot/spring-boot-test-autoconfigure/3.0.4/spring-boot-test-autoconfigure-3.0.4.jar
2023-03-08 22:51:02,342 [AetherRepositoryConnector-repo.maven.apache.org-0-2] INFO  o.e.m.c.i.e.AbstractTransferListenerAdapter - Downloaded https://repo.maven.apache.org/maven2/org/springframework/boot/spring-boot-test/3.0.4/spring-boot-test-3.0.4.jar
2023-03-08 22:51:03,000 [AetherRepositoryConnector-repo.maven.apache.org-0-0] INFO  o.e.m.c.i.e.AbstractTransferListenerAdapter - Downloaded https://repo.maven.apache.org/maven2/org/springframework/boot/spring-boot-test-autoconfigure/3.0.4/spring-boot-test-autoconfigure-3.0.4.jar
2023-03-08 22:51:03,005 [AetherRepositoryConnector-repo.maven.apache.org-0-2] INFO  o.e.m.c.i.e.AbstractTransferListenerAdapter - Downloading https://repo.maven.apache.org/maven2/org/springframework/spring-core/6.0.6/spring-core-6.0.6.jar
2023-03-08 22:51:03,288 [AetherRepositoryConnector-repo.maven.apache.org-0-3] INFO  o.e.m.c.i.e.AbstractTransferListenerAdapter - Downloaded https://repo.maven.apache.org/maven2/org/springframework/spring-expression/6.0.6/spring-expression-6.0.6.jar
2023-03-08 22:51:04,341 [AetherRepositoryConnector-repo.maven.apache.org-0-0] INFO  o.e.m.c.i.e.AbstractTransferListenerAdapter - Downloading https://repo.maven.apache.org/maven2/org/springframework/spring-jcl/6.0.6/spring-jcl-6.0.6.jar
2023-03-08 22:51:04,636 [AetherRepositoryConnector-repo.maven.apache.org-0-3] INFO  o.e.m.c.i.e.AbstractTransferListenerAdapter - Downloading https://repo.maven.apache.org/maven2/org/springframework/spring-test/6.0.6/spring-test-6.0.6.jar
2023-03-08 22:51:05,401 [AetherRepositoryConnector-repo.maven.apache.org-0-0] INFO  o.e.m.c.i.e.AbstractTransferListenerAdapter - Downloaded https://repo.maven.apache.org/maven2/org/springframework/spring-jcl/6.0.6/spring-jcl-6.0.6.jar
2023-03-08 22:51:06,218 [AetherRepositoryConnector-repo.maven.apache.org-0-1] INFO  o.e.m.c.i.e.AbstractTransferListenerAdapter - Downloaded https://repo.maven.apache.org/maven2/org/springframework/spring-webmvc/6.0.6/spring-webmvc-6.0.6.jar
2023-03-08 22:51:06,756 [AetherRepositoryConnector-repo.maven.apache.org-0-4] INFO  o.e.m.c.i.e.AbstractTransferListenerAdapter - Downloaded https://repo.maven.apache.org/maven2/org/springframework/spring-web/6.0.6/spring-web-6.0.6.jar
2023-03-08 22:51:09,537 [AetherRepositoryConnector-repo.maven.apache.org-0-3] INFO  o.e.m.c.i.e.AbstractTransferListenerAdapter - Downloaded https://repo.maven.apache.org/maven2/org/springframework/spring-test/6.0.6/spring-test-6.0.6.jar
2023-03-08 22:51:10,010 [AetherRepositoryConnector-repo.maven.apache.org-0-2] INFO  o.e.m.c.i.e.AbstractTransferListenerAdapter - Downloaded https://repo.maven.apache.org/maven2/org/springframework/spring-core/6.0.6/spring-core-6.0.6.jar
2023-03-08 22:51:14,140 [Worker-8: Import Getting Started Content] INFO  o.e.m.j.i.AbstractJavaProjectConfigurator - Adding source folder /demo/src/main/java
2023-03-08 22:51:14,141 [Worker-8: Import Getting Started Content] INFO  o.e.m.j.i.AbstractJavaProjectConfigurator - Adding resource folder /demo/src/main/resources
2023-03-08 22:51:14,147 [Worker-8: Import Getting Started Content] INFO  o.e.m.j.i.AbstractJavaProjectConfigurator - Adding resource folder /demo/src/main/resources
2023-03-08 22:51:14,154 [Worker-8: Import Getting Started Content] INFO  o.e.m.j.i.AbstractJavaProjectConfigurator - Adding source folder /demo/src/test/java
2023-03-08 22:51:16,536 [Worker-4: Download sources and javadoc] INFO  o.e.m.c.i.e.AbstractTransferListenerAdapter - Downloading https://repo.maven.apache.org/maven2/org/springframework/boot/spring-boot-starter-data-jpa/3.0.4/spring-boot-starter-data-jpa-3.0.4-sources.jar
2023-03-08 22:51:17,639 [Worker-4: Download sources and javadoc] INFO  o.e.m.c.i.e.AbstractTransferListenerAdapter - Downloaded https://repo.maven.apache.org/maven2/org/springframework/boot/spring-boot-starter-data-jpa/3.0.4/spring-boot-starter-data-jpa-3.0.4-sources.jar
2023-03-08 22:51:17,642 [Worker-4: Download sources and javadoc] INFO  o.e.m.j.internal.DownloadSourcesJob - Downloaded sources for org.springframework.boot:spring-boot-starter-data-jpa:3.0.4
2023-03-08 22:51:18,442 [Worker-4: Download sources and javadoc] INFO  o.e.m.c.i.e.AbstractTransferListenerAdapter - Downloading https://repo.maven.apache.org/maven2/org/springframework/boot/spring-boot-starter-aop/3.0.4/spring-boot-starter-aop-3.0.4-sources.jar
2023-03-08 22:51:19,522 [Worker-8: Import Getting Started Content] INFO  o.e.m.c.i.p.ProjectConfigurationManager - Imported and configured 1 project(s) in 254 sec
2023-03-08 22:51:19,529 [Worker-8: Import Getting Started Content] INFO  o.e.m.c.i.p.ProjectConfigurationManager - Update started
2023-03-08 22:51:20,173 [Worker-8: Import Getting Started Content] INFO  o.e.m.c.i.l.LifecycleMappingFactory - Using org.eclipse.m2e.jdt.JarLifecycleMapping lifecycle mapping for MavenProject: prj.sd:demo:0.0.1-SNAPSHOT @ C:\Users\SALAH\eclipse 2022 workspace\spring mvc cours\demo\pom.xml.
2023-03-08 22:51:20,539 [Worker-4: Download sources and javadoc] INFO  o.e.m.c.i.e.AbstractTransferListenerAdapter - Downloaded https://repo.maven.apache.org/maven2/org/springframework/boot/spring-boot-starter-aop/3.0.4/spring-boot-starter-aop-3.0.4-sources.jar
2023-03-08 22:51:20,542 [Worker-4: Download sources and javadoc] INFO  o.e.m.j.internal.DownloadSourcesJob - Downloaded sources for org.springframework.boot:spring-boot-starter-aop:3.0.4
2023-03-08 22:51:21,447 [Worker-4: Download sources and javadoc] INFO  o.e.m.c.i.e.AbstractTransferListenerAdapter - Downloading https://repo.maven.apache.org/maven2/org/springframework/spring-aop/6.0.6/spring-aop-6.0.6-sources.jar
2023-03-08 22:51:21,487 [Worker-8: Import Getting Started Content] INFO  o.e.m.j.i.AbstractJavaProjectConfigurator - Adding source folder /demo/src/main/java
2023-03-08 22:51:21,488 [Worker-8: Import Getting Started Content] INFO  o.e.m.j.i.AbstractJavaProjectConfigurator - Adding resource folder /demo/src/main/resources
2023-03-08 22:51:21,489 [Worker-8: Import Getting Started Content] INFO  o.e.m.j.i.AbstractJavaProjectConfigurator - Adding resource folder /demo/src/main/resources
2023-03-08 22:51:21,492 [Worker-8: Import Getting Started Content] INFO  o.e.m.j.i.AbstractJavaProjectConfigurator - Adding source folder /demo/src/test/java
2023-03-08 22:51:22,642 [Worker-8: Import Getting Started Content] INFO  o.e.m.c.i.p.ProjectConfigurationManager - Update completed for 1 poms: local refresh takes 0.00 sec, refresh facades takes 1.00 sec, update config takes 0.00 sec 
2023-03-08 22:51:22,721 [Worker-4: Download sources and javadoc] INFO  o.e.m.c.i.e.AbstractTransferListenerAdapter - Downloaded https://repo.maven.apache.org/maven2/org/springframework/spring-aop/6.0.6/spring-aop-6.0.6-sources.jar
2023-03-08 22:51:22,724 [Worker-4: Download sources and javadoc] INFO  o.e.m.j.internal.DownloadSourcesJob - Downloaded sources for org.springframework:spring-aop:6.0.6
2023-03-08 22:51:23,107 [Worker-4: Download sources and javadoc] INFO  o.e.m.c.i.e.AbstractTransferListenerAdapter - Downloading https://repo.maven.apache.org/maven2/org/springframework/boot/spring-boot-starter-jdbc/3.0.4/spring-boot-starter-jdbc-3.0.4-sources.jar
2023-03-08 22:51:23,360 [Worker-4: Download sources and javadoc] INFO  o.e.m.c.i.e.AbstractTransferListenerAdapter - Downloaded https://repo.maven.apache.org/maven2/org/springframework/boot/spring-boot-starter-jdbc/3.0.4/spring-boot-starter-jdbc-3.0.4-sources.jar
2023-03-08 22:51:23,364 [Worker-4: Download sources and javadoc] INFO  o.e.m.j.internal.DownloadSourcesJob - Downloaded sources for org.springframework.boot:spring-boot-starter-jdbc:3.0.4
2023-03-08 22:51:23,900 [Worker-4: Download sources and javadoc] INFO  o.e.m.c.i.e.AbstractTransferListenerAdapter - Downloading https://repo.maven.apache.org/maven2/org/springframework/spring-jdbc/6.0.6/spring-jdbc-6.0.6-sources.jar
2023-03-08 22:51:24,704 [Worker-4: Download sources and javadoc] INFO  o.e.m.c.i.e.AbstractTransferListenerAdapter - Downloaded https://repo.maven.apache.org/maven2/org/springframework/spring-jdbc/6.0.6/spring-jdbc-6.0.6-sources.jar
2023-03-08 22:51:24,712 [Worker-4: Download sources and javadoc] INFO  o.e.m.j.internal.DownloadSourcesJob - Downloaded sources for org.springframework:spring-jdbc:6.0.6
2023-03-08 22:51:25,131 [Worker-4: Download sources and javadoc] INFO  o.e.m.c.i.e.AbstractTransferListenerAdapter - Downloading https://repo.maven.apache.org/maven2/org/springframework/data/spring-data-jpa/3.0.3/spring-data-jpa-3.0.3-sources.jar
2023-03-08 22:51:25,777 [Worker-4: Download sources and javadoc] INFO  o.e.m.c.i.e.AbstractTransferListenerAdapter - Downloaded https://repo.maven.apache.org/maven2/org/springframework/data/spring-data-jpa/3.0.3/spring-data-jpa-3.0.3-sources.jar
2023-03-08 22:51:25,826 [Worker-4: Download sources and javadoc] INFO  o.e.m.j.internal.DownloadSourcesJob - Downloaded sources for org.springframework.data:spring-data-jpa:3.0.3
2023-03-08 22:51:28,625 [Worker-4: Download sources and javadoc] INFO  o.e.m.c.i.e.AbstractTransferListenerAdapter - Downloading https://repo.maven.apache.org/maven2/org/springframework/data/spring-data-commons/3.0.3/spring-data-commons-3.0.3-sources.jar
2023-03-08 22:51:45,578 [Worker-4: Download sources and javadoc] INFO  o.e.m.c.i.e.AbstractTransferListenerAdapter - Downloaded https://repo.maven.apache.org/maven2/org/springframework/data/spring-data-commons/3.0.3/spring-data-commons-3.0.3-sources.jar
2023-03-08 22:51:45,605 [Worker-4: Download sources and javadoc] INFO  o.e.m.j.internal.DownloadSourcesJob - Downloaded sources for org.springframework.data:spring-data-commons:3.0.3
2023-03-08 22:51:48,462 [Worker-4: Download sources and javadoc] INFO  o.e.m.c.i.e.AbstractTransferListenerAdapter - Downloading https://repo.maven.apache.org/maven2/org/springframework/spring-orm/6.0.6/spring-orm-6.0.6-sources.jar
2023-03-08 22:51:49,316 [Worker-4: Download sources and javadoc] INFO  o.e.m.c.i.e.AbstractTransferListenerAdapter - Downloaded https://repo.maven.apache.org/maven2/org/springframework/spring-orm/6.0.6/spring-orm-6.0.6-sources.jar
2023-03-08 22:51:49,320 [Worker-4: Download sources and javadoc] INFO  o.e.m.j.internal.DownloadSourcesJob - Downloaded sources for org.springframework:spring-orm:6.0.6
2023-03-08 22:51:49,897 [Worker-4: Download sources and javadoc] INFO  o.e.m.c.i.e.AbstractTransferListenerAdapter - Downloading https://repo.maven.apache.org/maven2/org/springframework/spring-context/6.0.6/spring-context-6.0.6-sources.jar
2023-03-08 22:52:03,906 [Worker-4: Download sources and javadoc] INFO  o.e.m.c.i.e.AbstractTransferListenerAdapter - Downloaded https://repo.maven.apache.org/maven2/org/springframework/spring-context/6.0.6/spring-context-6.0.6-sources.jar
2023-03-08 22:52:03,930 [Worker-4: Download sources and javadoc] INFO  o.e.m.j.internal.DownloadSourcesJob - Downloaded sources for org.springframework:spring-context:6.0.6
2023-03-08 22:52:04,355 [Worker-4: Download sources and javadoc] INFO  o.e.m.c.i.e.AbstractTransferListenerAdapter - Downloading https://repo.maven.apache.org/maven2/org/springframework/spring-tx/6.0.6/spring-tx-6.0.6-sources.jar
2023-03-08 22:52:04,957 [Worker-4: Download sources and javadoc] INFO  o.e.m.c.i.e.AbstractTransferListenerAdapter - Downloaded https://repo.maven.apache.org/maven2/org/springframework/spring-tx/6.0.6/spring-tx-6.0.6-sources.jar
2023-03-08 22:52:04,963 [Worker-4: Download sources and javadoc] INFO  o.e.m.j.internal.DownloadSourcesJob - Downloaded sources for org.springframework:spring-tx:6.0.6
2023-03-08 22:52:05,357 [Worker-4: Download sources and javadoc] INFO  o.e.m.c.i.e.AbstractTransferListenerAdapter - Downloading https://repo.maven.apache.org/maven2/org/springframework/spring-beans/6.0.6/spring-beans-6.0.6-sources.jar
2023-03-08 22:52:07,929 [Worker-4: Download sources and javadoc] INFO  o.e.m.c.i.e.AbstractTransferListenerAdapter - Downloaded https://repo.maven.apache.org/maven2/org/springframework/spring-beans/6.0.6/spring-beans-6.0.6-sources.jar
2023-03-08 22:52:07,932 [Worker-4: Download sources and javadoc] INFO  o.e.m.j.internal.DownloadSourcesJob - Downloaded sources for org.springframework:spring-beans:6.0.6
2023-03-08 22:52:08,597 [Worker-4: Download sources and javadoc] INFO  o.e.m.c.i.e.AbstractTransferListenerAdapter - Downloading https://repo.maven.apache.org/maven2/org/springframework/spring-aspects/6.0.6/spring-aspects-6.0.6-sources.jar
2023-03-08 22:52:10,532 [Worker-4: Download sources and javadoc] INFO  o.e.m.c.i.e.AbstractTransferListenerAdapter - Downloaded https://repo.maven.apache.org/maven2/org/springframework/spring-aspects/6.0.6/spring-aspects-6.0.6-sources.jar
2023-03-08 22:52:10,536 [Worker-4: Download sources and javadoc] INFO  o.e.m.j.internal.DownloadSourcesJob - Downloaded sources for org.springframework:spring-aspects:6.0.6
2023-03-08 22:52:11,308 [Worker-4: Download sources and javadoc] INFO  o.e.m.c.i.e.AbstractTransferListenerAdapter - Downloading https://repo.maven.apache.org/maven2/org/springframework/boot/spring-boot-starter-thymeleaf/3.0.4/spring-boot-starter-thymeleaf-3.0.4-sources.jar
2023-03-08 22:52:11,464 [Worker-4: Download sources and javadoc] INFO  o.e.m.c.i.e.AbstractTransferListenerAdapter - Downloaded https://repo.maven.apache.org/maven2/org/springframework/boot/spring-boot-starter-thymeleaf/3.0.4/spring-boot-starter-thymeleaf-3.0.4-sources.jar
2023-03-08 22:52:11,469 [Worker-4: Download sources and javadoc] INFO  o.e.m.j.internal.DownloadSourcesJob - Downloaded sources for org.springframework.boot:spring-boot-starter-thymeleaf:3.0.4
2023-03-08 22:52:12,661 [Worker-4: Download sources and javadoc] INFO  o.e.m.c.i.e.AbstractTransferListenerAdapter - Downloading https://repo.maven.apache.org/maven2/org/springframework/boot/spring-boot-starter/3.0.4/spring-boot-starter-3.0.4-sources.jar
2023-03-08 22:52:12,924 [Worker-4: Download sources and javadoc] INFO  o.e.m.c.i.e.AbstractTransferListenerAdapter - Downloaded https://repo.maven.apache.org/maven2/org/springframework/boot/spring-boot-starter/3.0.4/spring-boot-starter-3.0.4-sources.jar
2023-03-08 22:52:12,987 [Worker-4: Download sources and javadoc] INFO  o.e.m.j.internal.DownloadSourcesJob - Downloaded sources for org.springframework.boot:spring-boot-starter:3.0.4
2023-03-08 22:52:14,375 [Worker-4: Download sources and javadoc] INFO  o.e.m.c.i.e.AbstractTransferListenerAdapter - Downloading https://repo.maven.apache.org/maven2/org/springframework/boot/spring-boot/3.0.4/spring-boot-3.0.4-sources.jar
2023-03-08 22:52:18,300 [Worker-4: Download sources and javadoc] INFO  o.e.m.c.i.e.AbstractTransferListenerAdapter - Downloaded https://repo.maven.apache.org/maven2/org/springframework/boot/spring-boot/3.0.4/spring-boot-3.0.4-sources.jar
2023-03-08 22:52:18,304 [Worker-4: Download sources and javadoc] INFO  o.e.m.j.internal.DownloadSourcesJob - Downloaded sources for org.springframework.boot:spring-boot:3.0.4
2023-03-08 22:52:19,952 [Worker-4: Download sources and javadoc] INFO  o.e.m.c.i.e.AbstractTransferListenerAdapter - Downloading https://repo.maven.apache.org/maven2/org/springframework/boot/spring-boot-autoconfigure/3.0.4/spring-boot-autoconfigure-3.0.4-sources.jar
2023-03-08 22:52:21,984 [Worker-4: Download sources and javadoc] INFO  o.e.m.c.i.e.AbstractTransferListenerAdapter - Downloaded https://repo.maven.apache.org/maven2/org/springframework/boot/spring-boot-autoconfigure/3.0.4/spring-boot-autoconfigure-3.0.4-sources.jar
2023-03-08 22:52:21,989 [Worker-4: Download sources and javadoc] INFO  o.e.m.j.internal.DownloadSourcesJob - Downloaded sources for org.springframework.boot:spring-boot-autoconfigure:3.0.4
2023-03-08 22:52:22,375 [Worker-4: Download sources and javadoc] INFO  o.e.m.c.i.e.AbstractTransferListenerAdapter - Downloading https://repo.maven.apache.org/maven2/org/springframework/boot/spring-boot-starter-logging/3.0.4/spring-boot-starter-logging-3.0.4-sources.jar
2023-03-08 22:52:22,631 [Worker-4: Download sources and javadoc] INFO  o.e.m.c.i.e.AbstractTransferListenerAdapter - Downloaded https://repo.maven.apache.org/maven2/org/springframework/boot/spring-boot-starter-logging/3.0.4/spring-boot-starter-logging-3.0.4-sources.jar
2023-03-08 22:52:22,641 [Worker-4: Download sources and javadoc] INFO  o.e.m.j.internal.DownloadSourcesJob - Downloaded sources for org.springframework.boot:spring-boot-starter-logging:3.0.4
2023-03-08 22:52:23,433 [Worker-4: Download sources and javadoc] INFO  o.e.m.c.i.e.AbstractTransferListenerAdapter - Downloading https://repo.maven.apache.org/maven2/org/thymeleaf/thymeleaf-spring6/3.1.1.RELEASE/thymeleaf-spring6-3.1.1.RELEASE-sources.jar
2023-03-08 22:52:25,278 [Worker-4: Download sources and javadoc] INFO  o.e.m.c.i.e.AbstractTransferListenerAdapter - Downloaded https://repo.maven.apache.org/maven2/org/thymeleaf/thymeleaf-spring6/3.1.1.RELEASE/thymeleaf-spring6-3.1.1.RELEASE-sources.jar
2023-03-08 22:52:25,366 [Worker-4: Download sources and javadoc] INFO  o.e.m.j.internal.DownloadSourcesJob - Downloaded sources for org.thymeleaf:thymeleaf-spring6:3.1.1.RELEASE
2023-03-08 22:52:26,259 [Worker-4: Download sources and javadoc] INFO  o.e.m.c.i.e.AbstractTransferListenerAdapter - Downloading https://repo.maven.apache.org/maven2/org/thymeleaf/thymeleaf/3.1.1.RELEASE/thymeleaf-3.1.1.RELEASE-sources.jar
2023-03-08 22:52:30,237 [Worker-4: Download sources and javadoc] INFO  o.e.m.c.i.e.AbstractTransferListenerAdapter - Downloaded https://repo.maven.apache.org/maven2/org/thymeleaf/thymeleaf/3.1.1.RELEASE/thymeleaf-3.1.1.RELEASE-sources.jar
2023-03-08 22:52:30,276 [Worker-4: Download sources and javadoc] INFO  o.e.m.j.internal.DownloadSourcesJob - Downloaded sources for org.thymeleaf:thymeleaf:3.1.1.RELEASE
2023-03-08 22:52:30,665 [Worker-4: Download sources and javadoc] INFO  o.e.m.c.i.e.AbstractTransferListenerAdapter - Downloading https://repo.maven.apache.org/maven2/org/springframework/boot/spring-boot-starter-web/3.0.4/spring-boot-starter-web-3.0.4-sources.jar
2023-03-08 22:52:30,737 [Worker-4: Download sources and javadoc] INFO  o.e.m.c.i.e.AbstractTransferListenerAdapter - Downloaded https://repo.maven.apache.org/maven2/org/springframework/boot/spring-boot-starter-web/3.0.4/spring-boot-starter-web-3.0.4-sources.jar
2023-03-08 22:52:30,748 [Worker-4: Download sources and javadoc] INFO  o.e.m.j.internal.DownloadSourcesJob - Downloaded sources for org.springframework.boot:spring-boot-starter-web:3.0.4
2023-03-08 22:52:31,095 [Worker-4: Download sources and javadoc] INFO  o.e.m.c.i.e.AbstractTransferListenerAdapter - Downloading https://repo.maven.apache.org/maven2/org/springframework/boot/spring-boot-starter-json/3.0.4/spring-boot-starter-json-3.0.4-sources.jar
2023-03-08 22:52:31,359 [Worker-4: Download sources and javadoc] INFO  o.e.m.c.i.e.AbstractTransferListenerAdapter - Downloaded https://repo.maven.apache.org/maven2/org/springframework/boot/spring-boot-starter-json/3.0.4/spring-boot-starter-json-3.0.4-sources.jar
2023-03-08 22:52:31,364 [Worker-4: Download sources and javadoc] INFO  o.e.m.j.internal.DownloadSourcesJob - Downloaded sources for org.springframework.boot:spring-boot-starter-json:3.0.4
2023-03-08 22:52:31,709 [Worker-4: Download sources and javadoc] INFO  o.e.m.c.i.e.AbstractTransferListenerAdapter - Downloading https://repo.maven.apache.org/maven2/org/springframework/boot/spring-boot-starter-tomcat/3.0.4/spring-boot-starter-tomcat-3.0.4-sources.jar
2023-03-08 22:52:31,922 [Worker-4: Download sources and javadoc] INFO  o.e.m.c.i.e.AbstractTransferListenerAdapter - Downloaded https://repo.maven.apache.org/maven2/org/springframework/boot/spring-boot-starter-tomcat/3.0.4/spring-boot-starter-tomcat-3.0.4-sources.jar
2023-03-08 22:52:31,926 [Worker-4: Download sources and javadoc] INFO  o.e.m.j.internal.DownloadSourcesJob - Downloaded sources for org.springframework.boot:spring-boot-starter-tomcat:3.0.4
2023-03-08 22:52:32,307 [Worker-4: Download sources and javadoc] INFO  o.e.m.c.i.e.AbstractTransferListenerAdapter - Downloading https://repo.maven.apache.org/maven2/org/springframework/spring-web/6.0.6/spring-web-6.0.6-sources.jar
2023-03-08 22:52:34,510 [Worker-4: Download sources and javadoc] INFO  o.e.m.c.i.e.AbstractTransferListenerAdapter - Downloaded https://repo.maven.apache.org/maven2/org/springframework/spring-web/6.0.6/spring-web-6.0.6-sources.jar
2023-03-08 22:52:34,514 [Worker-4: Download sources and javadoc] INFO  o.e.m.j.internal.DownloadSourcesJob - Downloaded sources for org.springframework:spring-web:6.0.6
2023-03-08 22:52:34,805 [Worker-4: Download sources and javadoc] INFO  o.e.m.c.i.e.AbstractTransferListenerAdapter - Downloading https://repo.maven.apache.org/maven2/org/springframework/spring-webmvc/6.0.6/spring-webmvc-6.0.6-sources.jar
2023-03-08 22:52:35,862 [Worker-4: Download sources and javadoc] INFO  o.e.m.c.i.e.AbstractTransferListenerAdapter - Downloaded https://repo.maven.apache.org/maven2/org/springframework/spring-webmvc/6.0.6/spring-webmvc-6.0.6-sources.jar
2023-03-08 22:52:35,866 [Worker-4: Download sources and javadoc] INFO  o.e.m.j.internal.DownloadSourcesJob - Downloaded sources for org.springframework:spring-webmvc:6.0.6
2023-03-08 22:52:36,410 [Worker-4: Download sources and javadoc] INFO  o.e.m.c.i.e.AbstractTransferListenerAdapter - Downloading https://repo.maven.apache.org/maven2/org/springframework/spring-expression/6.0.6/spring-expression-6.0.6-sources.jar
2023-03-08 22:52:36,859 [Worker-4: Download sources and javadoc] INFO  o.e.m.c.i.e.AbstractTransferListenerAdapter - Downloaded https://repo.maven.apache.org/maven2/org/springframework/spring-expression/6.0.6/spring-expression-6.0.6-sources.jar
2023-03-08 22:52:36,865 [Worker-4: Download sources and javadoc] INFO  o.e.m.j.internal.DownloadSourcesJob - Downloaded sources for org.springframework:spring-expression:6.0.6
2023-03-08 22:52:37,765 [Worker-4: Download sources and javadoc] INFO  o.e.m.c.i.e.AbstractTransferListenerAdapter - Downloading https://repo.maven.apache.org/maven2/org/springframework/boot/spring-boot-starter-test/3.0.4/spring-boot-starter-test-3.0.4-sources.jar
2023-03-08 22:52:38,096 [Worker-4: Download sources and javadoc] INFO  o.e.m.c.i.e.AbstractTransferListenerAdapter - Downloaded https://repo.maven.apache.org/maven2/org/springframework/boot/spring-boot-starter-test/3.0.4/spring-boot-starter-test-3.0.4-sources.jar
2023-03-08 22:52:38,179 [Worker-4: Download sources and javadoc] INFO  o.e.m.j.internal.DownloadSourcesJob - Downloaded sources for org.springframework.boot:spring-boot-starter-test:3.0.4
2023-03-08 22:52:38,663 [Worker-4: Download sources and javadoc] INFO  o.e.m.c.i.e.AbstractTransferListenerAdapter - Downloading https://repo.maven.apache.org/maven2/org/springframework/boot/spring-boot-test/3.0.4/spring-boot-test-3.0.4-sources.jar
2023-03-08 22:52:39,290 [Worker-4: Download sources and javadoc] INFO  o.e.m.c.i.e.AbstractTransferListenerAdapter - Downloaded https://repo.maven.apache.org/maven2/org/springframework/boot/spring-boot-test/3.0.4/spring-boot-test-3.0.4-sources.jar
2023-03-08 22:52:39,298 [Worker-4: Download sources and javadoc] INFO  o.e.m.j.internal.DownloadSourcesJob - Downloaded sources for org.springframework.boot:spring-boot-test:3.0.4
2023-03-08 22:52:39,836 [Worker-4: Download sources and javadoc] INFO  o.e.m.c.i.e.AbstractTransferListenerAdapter - Downloading https://repo.maven.apache.org/maven2/org/springframework/boot/spring-boot-test-autoconfigure/3.0.4/spring-boot-test-autoconfigure-3.0.4-sources.jar
2023-03-08 22:52:40,396 [Worker-4: Download sources and javadoc] INFO  o.e.m.c.i.e.AbstractTransferListenerAdapter - Downloaded https://repo.maven.apache.org/maven2/org/springframework/boot/spring-boot-test-autoconfigure/3.0.4/spring-boot-test-autoconfigure-3.0.4-sources.jar
2023-03-08 22:52:40,404 [Worker-4: Download sources and javadoc] INFO  o.e.m.j.internal.DownloadSourcesJob - Downloaded sources for org.springframework.boot:spring-boot-test-autoconfigure:3.0.4
2023-03-08 22:52:41,021 [Worker-4: Download sources and javadoc] INFO  o.e.m.c.i.e.AbstractTransferListenerAdapter - Downloading https://repo.maven.apache.org/maven2/org/springframework/spring-core/6.0.6/spring-core-6.0.6-sources.jar
2023-03-08 22:52:47,348 [Worker-4: Download sources and javadoc] INFO  o.e.m.c.i.e.AbstractTransferListenerAdapter - Downloaded https://repo.maven.apache.org/maven2/org/springframework/spring-core/6.0.6/spring-core-6.0.6-sources.jar
2023-03-08 22:52:47,352 [Worker-4: Download sources and javadoc] INFO  o.e.m.j.internal.DownloadSourcesJob - Downloaded sources for org.springframework:spring-core:6.0.6
2023-03-08 22:52:48,279 [Worker-4: Download sources and javadoc] INFO  o.e.m.c.i.e.AbstractTransferListenerAdapter - Downloading https://repo.maven.apache.org/maven2/org/springframework/spring-jcl/6.0.6/spring-jcl-6.0.6-sources.jar
2023-03-08 22:52:49,315 [Worker-4: Download sources and javadoc] INFO  o.e.m.c.i.e.AbstractTransferListenerAdapter - Downloaded https://repo.maven.apache.org/maven2/org/springframework/spring-jcl/6.0.6/spring-jcl-6.0.6-sources.jar
2023-03-08 22:52:49,360 [Worker-4: Download sources and javadoc] INFO  o.e.m.j.internal.DownloadSourcesJob - Downloaded sources for org.springframework:spring-jcl:6.0.6
2023-03-08 22:52:50,165 [Worker-4: Download sources and javadoc] INFO  o.e.m.c.i.e.AbstractTransferListenerAdapter - Downloading https://repo.maven.apache.org/maven2/org/springframework/spring-test/6.0.6/spring-test-6.0.6-sources.jar
2023-03-08 22:52:51,758 [Worker-4: Download sources and javadoc] INFO  o.e.m.c.i.e.AbstractTransferListenerAdapter - Downloaded https://repo.maven.apache.org/maven2/org/springframework/spring-test/6.0.6/spring-test-6.0.6-sources.jar
2023-03-08 22:52:52,021 [Worker-4: Download sources and javadoc] INFO  o.e.m.j.internal.DownloadSourcesJob - Downloaded sources for org.springframework:spring-test:6.0.6
2023-03-08 23:20:48,524 [Worker-21: Updating Maven Dependencies] INFO  o.e.m.c.i.l.LifecycleMappingFactory - Using org.eclipse.m2e.jdt.JarLifecycleMapping lifecycle mapping for MavenProject: org.bp:CategorieDAO:0.0.1-SNAPSHOT @ C:\Users\SALAH\Documents\NetBeansProjects\CategorieDAO\pom.xml.
2023-03-08 23:20:48,611 [Worker-20: Building] INFO  o.e.m.c.i.l.LifecycleMappingFactory - Using org.eclipse.m2e.jdt.JarLifecycleMapping lifecycle mapping for MavenProject: org.bp:CategorieDAO:0.0.1-SNAPSHOT @ C:\Users\SALAH\Documents\NetBeansProjects\CategorieDAO\pom.xml.
2023-03-08 23:21:06,710 [Worker-20: Building] INFO  o.e.m.c.i.embedder.EclipseLogger - Using 'UTF-8' encoding to copy filtered resources.
2023-03-08 23:21:07,083 [Worker-20: Building] INFO  o.e.m.c.i.embedder.EclipseLogger - Copying 2 resources
2023-03-08 23:21:07,757 [Worker-20: Building] INFO  o.e.m.c.i.embedder.EclipseLogger - Using 'UTF-8' encoding to copy filtered resources.
2023-03-08 23:21:07,757 [Worker-20: Building] INFO  o.e.m.c.i.embedder.EclipseLogger - Copying 0 resource
2023-03-08 23:21:10,349 [Worker-21: Updating Maven Dependencies] INFO  o.e.m.c.i.l.LifecycleMappingFactory - Using org.eclipse.m2e.jdt.JarLifecycleMapping lifecycle mapping for MavenProject: org.bp:CategorieDAO:0.0.1-SNAPSHOT @ C:\Users\SALAH\Documents\NetBeansProjects\CategorieDAO\pom.xml.
2023-03-08 23:21:11,917 [Worker-20: Building] INFO  o.e.m.c.i.embedder.EclipseLogger - Using 'UTF-8' encoding to copy filtered resources.
2023-03-08 23:21:12,565 [Worker-20: Building] INFO  o.e.m.c.i.embedder.EclipseLogger - Copying 2 resources
2023-03-08 23:21:12,580 [Worker-20: Building] INFO  o.e.m.c.i.embedder.EclipseLogger - Using 'UTF-8' encoding to copy filtered resources.
2023-03-08 23:21:12,581 [Worker-20: Building] INFO  o.e.m.c.i.embedder.EclipseLogger - Copying 0 resource
2023-03-08 23:26:14,305 [Worker-29: Building] INFO  o.e.m.c.i.l.LifecycleMappingFactory - Using org.eclipse.m2e.jdt.JarLifecycleMapping lifecycle mapping for MavenProject: prj.sd:demo:0.0.1-SNAPSHOT @ C:\Users\SALAH\eclipse 2022 workspace\spring mvc cours\demo\pom.xml.
2023-03-08 23:26:21,850 [Worker-29: Building] INFO  o.e.m.c.i.e.AbstractTransferListenerAdapter - Downloading https://repo.maven.apache.org/maven2/junit/junit/4.13.2/junit-4.13.2.pom
2023-03-08 23:26:22,905 [Worker-29: Building] INFO  o.e.m.c.i.e.AbstractTransferListenerAdapter - Downloaded https://repo.maven.apache.org/maven2/junit/junit/4.13.2/junit-4.13.2.pom
2023-03-08 23:26:23,617 [Worker-29: Building] INFO  o.e.m.c.i.e.AbstractTransferListenerAdapter - Downloading https://repo.maven.apache.org/maven2/org/hamcrest/hamcrest-core/2.2/hamcrest-core-2.2.pom
2023-03-08 23:26:23,673 [Worker-29: Building] INFO  o.e.m.c.i.e.AbstractTransferListenerAdapter - Downloaded https://repo.maven.apache.org/maven2/org/hamcrest/hamcrest-core/2.2/hamcrest-core-2.2.pom
2023-03-08 23:26:24,821 [Worker-29: Building] INFO  o.e.m.c.i.p.WorkspaceClassifierResolverManager - Resolving P/CategorieDAO: org.bp:CategorieDAO:0.0.1-SNAPSHOT with classifier  to /CategorieDAO/target/classes
2023-03-08 23:26:24,896 [AetherRepositoryConnector-repo.maven.apache.org-1-1] INFO  o.e.m.c.i.e.AbstractTransferListenerAdapter - Downloading https://repo.maven.apache.org/maven2/org/hamcrest/hamcrest-core/2.2/hamcrest-core-2.2.jar
2023-03-08 23:26:24,977 [AetherRepositoryConnector-repo.maven.apache.org-1-0] INFO  o.e.m.c.i.e.AbstractTransferListenerAdapter - Downloading https://repo.maven.apache.org/maven2/junit/junit/4.13.2/junit-4.13.2.jar
2023-03-08 23:26:25,256 [AetherRepositoryConnector-repo.maven.apache.org-1-1] INFO  o.e.m.c.i.e.AbstractTransferListenerAdapter - Downloaded https://repo.maven.apache.org/maven2/org/hamcrest/hamcrest-core/2.2/hamcrest-core-2.2.jar
2023-03-08 23:26:25,716 [AetherRepositoryConnector-repo.maven.apache.org-1-0] INFO  o.e.m.c.i.e.AbstractTransferListenerAdapter - Downloaded https://repo.maven.apache.org/maven2/junit/junit/4.13.2/junit-4.13.2.jar
2023-03-08 23:26:29,180 [Worker-16: Download sources and javadoc] INFO  o.e.m.c.i.e.AbstractTransferListenerAdapter - Downloading https://repo.maven.apache.org/maven2/junit/junit/4.13.2/junit-4.13.2-sources.jar
2023-03-08 23:26:29,472 [Worker-16: Download sources and javadoc] INFO  o.e.m.c.i.e.AbstractTransferListenerAdapter - Downloaded https://repo.maven.apache.org/maven2/junit/junit/4.13.2/junit-4.13.2-sources.jar
2023-03-08 23:26:29,476 [Worker-16: Download sources and javadoc] INFO  o.e.m.j.internal.DownloadSourcesJob - Downloaded sources for junit:junit:4.13.2
2023-03-08 23:26:29,554 [Worker-29: Building] INFO  o.a.m.s.f.DefaultMavenResourcesFiltering - Copying 0 resource
2023-03-08 23:26:29,556 [Worker-29: Building] INFO  o.a.m.s.f.DefaultMavenResourcesFiltering - Copying 0 resource
2023-03-08 23:26:29,584 [Worker-29: Building] INFO  o.a.m.s.f.DefaultMavenResourcesFiltering - skip non existing resourceDirectory C:\Users\SALAH\eclipse 2022 workspace\spring mvc cours\demo\src\test\resources
2023-03-08 23:26:29,949 [Worker-16: Download sources and javadoc] INFO  o.e.m.c.i.e.AbstractTransferListenerAdapter - Downloading https://repo.maven.apache.org/maven2/org/hamcrest/hamcrest-core/2.2/hamcrest-core-2.2-sources.jar
2023-03-08 23:26:30,449 [Worker-16: Download sources and javadoc] INFO  o.e.m.c.i.e.AbstractTransferListenerAdapter - Downloaded https://repo.maven.apache.org/maven2/org/hamcrest/hamcrest-core/2.2/hamcrest-core-2.2-sources.jar
2023-03-08 23:26:30,452 [Worker-16: Download sources and javadoc] INFO  o.e.m.j.internal.DownloadSourcesJob - Downloaded sources for org.hamcrest:hamcrest-core:2.2
2023-03-08 23:26:33,606 [Worker-29: Building] INFO  o.a.m.s.f.DefaultMavenResourcesFiltering - Copying 1 resource
2023-03-08 23:26:33,717 [Worker-29: Building] INFO  o.a.m.s.f.DefaultMavenResourcesFiltering - Copying 0 resource
2023-03-08 23:26:33,724 [Worker-29: Building] INFO  o.a.m.s.f.DefaultMavenResourcesFiltering - skip non existing resourceDirectory C:\Users\SALAH\eclipse 2022 workspace\spring mvc cours\demo\src\test\resources
2023-03-08 23:29:31,710 [Worker-32: Building] INFO  o.a.m.s.f.DefaultMavenResourcesFiltering - Copying 1 resource
2023-03-08 23:29:31,749 [Worker-32: Building] INFO  o.a.m.s.f.DefaultMavenResourcesFiltering - Copying 0 resource
2023-03-08 23:29:31,755 [Worker-32: Building] INFO  o.a.m.s.f.DefaultMavenResourcesFiltering - skip non existing resourceDirectory C:\Users\SALAH\eclipse 2022 workspace\spring mvc cours\demo\src\test\resources
2023-03-08 23:31:33,723 [Worker-23: Building] INFO  o.e.m.c.i.l.LifecycleMappingFactory - Using org.eclipse.m2e.jdt.JarLifecycleMapping lifecycle mapping for MavenProject: com.example:demo-1:0.0.1-SNAPSHOT @ C:\Users\SALAH\eclipse-workspace\myworkspace\demo-1\pom.xml.
2023-03-08 23:31:47,248 [Worker-23: Building] INFO  o.a.m.s.f.DefaultMavenResourcesFiltering - Copying 1 resource
2023-03-08 23:31:47,272 [Worker-35: Updating Maven Dependencies] INFO  o.e.m.c.i.l.LifecycleMappingFactory - Using org.eclipse.m2e.jdt.JarLifecycleMapping lifecycle mapping for MavenProject: com.example:demo-1:0.0.1-SNAPSHOT @ C:\Users\SALAH\eclipse-workspace\myworkspace\demo-1\pom.xml.
2023-03-08 23:31:47,349 [Worker-23: Building] INFO  o.a.m.s.f.DefaultMavenResourcesFiltering - Copying 0 resource
2023-03-08 23:31:47,356 [Worker-23: Building] INFO  o.a.m.s.f.DefaultMavenResourcesFiltering - skip non existing resourceDirectory C:\Users\SALAH\eclipse-workspace\myworkspace\demo-1\src\test\resources
2023-03-08 23:31:48,804 [Worker-34: Building] INFO  o.a.m.s.f.DefaultMavenResourcesFiltering - Copying 0 resource
2023-03-08 23:31:48,806 [Worker-34: Building] INFO  o.a.m.s.f.DefaultMavenResourcesFiltering - Copying 0 resource
2023-03-08 23:31:48,814 [Worker-34: Building] INFO  o.a.m.s.f.DefaultMavenResourcesFiltering - skip non existing resourceDirectory C:\Users\SALAH\eclipse-workspace\myworkspace\demo-1\src\test\resources
2023-03-08 23:34:05,173 [Worker-32: Building] INFO  o.a.m.s.f.DefaultMavenResourcesFiltering - Copying 1 resource
2023-03-08 23:34:05,291 [Worker-32: Building] INFO  o.a.m.s.f.DefaultMavenResourcesFiltering - Copying 0 resource
2023-03-08 23:34:05,312 [Worker-32: Building] INFO  o.a.m.s.f.DefaultMavenResourcesFiltering - skip non existing resourceDirectory C:\Users\SALAH\eclipse 2022 workspace\spring mvc cours\demo\src\test\resources
2023-03-08 23:41:03,733 [Worker-43: Building] INFO  o.a.m.s.f.DefaultMavenResourcesFiltering - Copying 1 resource
2023-03-08 23:41:03,766 [Worker-43: Building] INFO  o.a.m.s.f.DefaultMavenResourcesFiltering - Copying 0 resource
2023-03-08 23:41:03,775 [Worker-43: Building] INFO  o.a.m.s.f.DefaultMavenResourcesFiltering - skip non existing resourceDirectory C:\Users\SALAH\eclipse 2022 workspace\spring mvc cours\demo\src\test\resources
2023-03-08 23:41:04,935 [Worker-42: Launching DemoApplication] INFO  o.e.m.c.i.p.WorkspaceClassifierResolverManager - Resolving P/CategorieDAO: org.bp:CategorieDAO:0.0.1-SNAPSHOT with classifier null to /CategorieDAO/target/classes
2023-03-08 23:41:05,264 [Worker-42: Launching DemoApplication] INFO  o.e.m.c.i.p.WorkspaceClassifierResolverManager - Resolving P/CategorieDAO: org.bp:CategorieDAO:0.0.1-SNAPSHOT with classifier null to /CategorieDAO/target/classes
2023-03-08 23:41:05,556 [Worker-42: Launching DemoApplication] INFO  o.e.m.c.i.p.WorkspaceClassifierResolverManager - Resolving P/CategorieDAO: org.bp:CategorieDAO:0.0.1-SNAPSHOT with classifier null to /CategorieDAO/target/classes
2023-03-08 23:47:37,334 [Worker-49: Launching DemoApplication] INFO  o.a.m.s.f.DefaultMavenResourcesFiltering - Copying 1 resource
2023-03-08 23:47:37,396 [Worker-49: Launching DemoApplication] INFO  o.a.m.s.f.DefaultMavenResourcesFiltering - Copying 0 resource
2023-03-08 23:47:37,456 [Worker-49: Launching DemoApplication] INFO  o.a.m.s.f.DefaultMavenResourcesFiltering - skip non existing resourceDirectory C:\Users\SALAH\eclipse 2022 workspace\spring mvc cours\demo\src\test\resources
2023-03-08 23:47:38,159 [Worker-49: Launching DemoApplication] INFO  o.e.m.c.i.p.WorkspaceClassifierResolverManager - Resolving P/CategorieDAO: org.bp:CategorieDAO:0.0.1-SNAPSHOT with classifier null to /CategorieDAO/target/classes
2023-03-08 23:47:38,451 [Worker-49: Launching DemoApplication] INFO  o.e.m.c.i.p.WorkspaceClassifierResolverManager - Resolving P/CategorieDAO: org.bp:CategorieDAO:0.0.1-SNAPSHOT with classifier null to /CategorieDAO/target/classes
2023-03-08 23:47:38,697 [Worker-49: Launching DemoApplication] INFO  o.e.m.c.i.p.WorkspaceClassifierResolverManager - Resolving P/CategorieDAO: org.bp:CategorieDAO:0.0.1-SNAPSHOT with classifier null to /CategorieDAO/target/classes
2023-03-08 23:49:56,742 [Worker-44: Launching DemoApplication] INFO  o.e.m.c.i.p.WorkspaceClassifierResolverManager - Resolving P/CategorieDAO: org.bp:CategorieDAO:0.0.1-SNAPSHOT with classifier null to /CategorieDAO/target/classes
2023-03-08 23:49:57,000 [Worker-44: Launching DemoApplication] INFO  o.e.m.c.i.p.WorkspaceClassifierResolverManager - Resolving P/CategorieDAO: org.bp:CategorieDAO:0.0.1-SNAPSHOT with classifier null to /CategorieDAO/target/classes
2023-03-08 23:49:57,231 [Worker-44: Launching DemoApplication] INFO  o.e.m.c.i.p.WorkspaceClassifierResolverManager - Resolving P/CategorieDAO: org.bp:CategorieDAO:0.0.1-SNAPSHOT with classifier null to /CategorieDAO/target/classes
2023-03-08 23:51:05,150 [Worker-51: Launching DemoApplication] INFO  o.e.m.c.i.p.WorkspaceClassifierResolverManager - Resolving P/CategorieDAO: org.bp:CategorieDAO:0.0.1-SNAPSHOT with classifier null to /CategorieDAO/target/classes
2023-03-08 23:51:05,461 [Worker-51: Launching DemoApplication] INFO  o.e.m.c.i.p.WorkspaceClassifierResolverManager - Resolving P/CategorieDAO: org.bp:CategorieDAO:0.0.1-SNAPSHOT with classifier null to /CategorieDAO/target/classes
2023-03-08 23:51:05,737 [Worker-51: Launching DemoApplication] INFO  o.e.m.c.i.p.WorkspaceClassifierResolverManager - Resolving P/CategorieDAO: org.bp:CategorieDAO:0.0.1-SNAPSHOT with classifier null to /CategorieDAO/target/classes
2023-03-08 23:51:48,597 [Worker-53: Building] INFO  o.a.m.s.f.DefaultMavenResourcesFiltering - Copying 1 resource
2023-03-08 23:51:48,610 [Worker-53: Building] INFO  o.a.m.s.f.DefaultMavenResourcesFiltering - Copying 0 resource
2023-03-08 23:51:48,615 [Worker-53: Building] INFO  o.a.m.s.f.DefaultMavenResourcesFiltering - skip non existing resourceDirectory C:\Users\SALAH\eclipse 2022 workspace\spring mvc cours\demo\src\test\resources
2023-03-08 23:51:54,156 [Worker-51: Launching DemoApplication] INFO  o.e.m.c.i.p.WorkspaceClassifierResolverManager - Resolving P/CategorieDAO: org.bp:CategorieDAO:0.0.1-SNAPSHOT with classifier null to /CategorieDAO/target/classes
2023-03-08 23:51:54,613 [Worker-51: Launching DemoApplication] INFO  o.e.m.c.i.p.WorkspaceClassifierResolverManager - Resolving P/CategorieDAO: org.bp:CategorieDAO:0.0.1-SNAPSHOT with classifier null to /CategorieDAO/target/classes
2023-03-08 23:51:54,957 [Worker-51: Launching DemoApplication] INFO  o.e.m.c.i.p.WorkspaceClassifierResolverManager - Resolving P/CategorieDAO: org.bp:CategorieDAO:0.0.1-SNAPSHOT with classifier null to /CategorieDAO/target/classes
2023-03-08 23:57:19,084 [Worker-54: Building] INFO  o.a.m.s.f.DefaultMavenResourcesFiltering - Copying 1 resource
2023-03-08 23:57:19,103 [Worker-54: Building] INFO  o.a.m.s.f.DefaultMavenResourcesFiltering - Copying 0 resource
2023-03-08 23:57:19,109 [Worker-54: Building] INFO  o.a.m.s.f.DefaultMavenResourcesFiltering - skip non existing resourceDirectory C:\Users\SALAH\eclipse 2022 workspace\spring mvc cours\demo\src\test\resources
2023-03-09 00:06:48,480 [Worker-57: Building] INFO  o.a.m.s.f.DefaultMavenResourcesFiltering - Copying 1 resource
2023-03-09 00:06:48,499 [Worker-57: Building] INFO  o.a.m.s.f.DefaultMavenResourcesFiltering - Copying 0 resource
2023-03-09 00:06:48,504 [Worker-57: Building] INFO  o.a.m.s.f.DefaultMavenResourcesFiltering - skip non existing resourceDirectory C:\Users\SALAH\eclipse 2022 workspace\spring mvc cours\demo\src\test\resources
2023-03-09 00:07:43,933 [Worker-60: Building] INFO  o.a.m.s.f.DefaultMavenResourcesFiltering - Copying 1 resource
2023-03-09 00:07:43,948 [Worker-60: Building] INFO  o.a.m.s.f.DefaultMavenResourcesFiltering - Copying 0 resource
2023-03-09 00:07:44,458 [Worker-60: Building] INFO  o.a.m.s.f.DefaultMavenResourcesFiltering - skip non existing resourceDirectory C:\Users\SALAH\eclipse 2022 workspace\spring mvc cours\demo\src\test\resources
2023-03-09 00:08:28,583 [Worker-59: Building] INFO  o.a.m.s.f.DefaultMavenResourcesFiltering - Copying 1 resource
2023-03-09 00:08:28,599 [Worker-59: Building] INFO  o.a.m.s.f.DefaultMavenResourcesFiltering - Copying 0 resource
2023-03-09 00:08:28,606 [Worker-59: Building] INFO  o.a.m.s.f.DefaultMavenResourcesFiltering - skip non existing resourceDirectory C:\Users\SALAH\eclipse 2022 workspace\spring mvc cours\demo\src\test\resources
2023-03-09 00:15:32,625 [Worker-59: Building] INFO  o.a.m.s.f.DefaultMavenResourcesFiltering - Copying 1 resource
2023-03-09 00:15:33,657 [Worker-59: Building] INFO  o.a.m.s.f.DefaultMavenResourcesFiltering - Copying 0 resource
2023-03-09 00:15:33,665 [Worker-59: Building] INFO  o.a.m.s.f.DefaultMavenResourcesFiltering - skip non existing resourceDirectory C:\Users\SALAH\eclipse 2022 workspace\spring mvc cours\demo\src\test\resources
2023-03-09 00:15:56,366 [Worker-59: Building] INFO  o.a.m.s.f.DefaultMavenResourcesFiltering - Copying 1 resource
2023-03-09 00:15:56,396 [Worker-59: Building] INFO  o.a.m.s.f.DefaultMavenResourcesFiltering - Copying 0 resource
2023-03-09 00:15:56,400 [Worker-59: Building] INFO  o.a.m.s.f.DefaultMavenResourcesFiltering - skip non existing resourceDirectory C:\Users\SALAH\eclipse 2022 workspace\spring mvc cours\demo\src\test\resources
2023-03-09 00:17:33,056 [Worker-65: Building] INFO  o.a.m.s.f.DefaultMavenResourcesFiltering - Copying 1 resource
2023-03-09 00:17:34,487 [Worker-65: Building] INFO  o.a.m.s.f.DefaultMavenResourcesFiltering - Copying 0 resource
2023-03-09 00:17:34,492 [Worker-65: Building] INFO  o.a.m.s.f.DefaultMavenResourcesFiltering - skip non existing resourceDirectory C:\Users\SALAH\eclipse 2022 workspace\spring mvc cours\demo\src\test\resources
2023-03-09 00:18:21,386 [Worker-65: Launching DemoApplication] INFO  o.a.m.s.f.DefaultMavenResourcesFiltering - Copying 1 resource
2023-03-09 00:18:22,303 [Worker-65: Launching DemoApplication] INFO  o.a.m.s.f.DefaultMavenResourcesFiltering - Copying 0 resource
2023-03-09 00:18:22,307 [Worker-65: Launching DemoApplication] INFO  o.a.m.s.f.DefaultMavenResourcesFiltering - skip non existing resourceDirectory C:\Users\SALAH\eclipse 2022 workspace\spring mvc cours\demo\src\test\resources
2023-03-09 00:18:27,088 [Worker-65: Launching DemoApplication] INFO  o.e.m.c.i.p.WorkspaceClassifierResolverManager - Resolving P/CategorieDAO: org.bp:CategorieDAO:0.0.1-SNAPSHOT with classifier null to /CategorieDAO/target/classes
2023-03-09 00:18:27,386 [Worker-65: Launching DemoApplication] INFO  o.e.m.c.i.p.WorkspaceClassifierResolverManager - Resolving P/CategorieDAO: org.bp:CategorieDAO:0.0.1-SNAPSHOT with classifier null to /CategorieDAO/target/classes
2023-03-09 00:18:27,634 [Worker-65: Launching DemoApplication] INFO  o.e.m.c.i.p.WorkspaceClassifierResolverManager - Resolving P/CategorieDAO: org.bp:CategorieDAO:0.0.1-SNAPSHOT with classifier null to /CategorieDAO/target/classes
2023-03-09 00:19:30,396 [Worker-65: Building] INFO  o.a.m.s.f.DefaultMavenResourcesFiltering - Copying 1 resource
2023-03-09 00:19:33,029 [Worker-65: Building] INFO  o.a.m.s.f.DefaultMavenResourcesFiltering - Copying 0 resource
2023-03-09 00:19:33,046 [Worker-65: Building] INFO  o.a.m.s.f.DefaultMavenResourcesFiltering - skip non existing resourceDirectory C:\Users\SALAH\eclipse 2022 workspace\spring mvc cours\demo\src\test\resources
2023-03-09 00:20:17,298 [Worker-63: Building] INFO  o.a.m.s.f.DefaultMavenResourcesFiltering - Copying 1 resource
2023-03-09 00:20:17,403 [Worker-63: Building] INFO  o.a.m.s.f.DefaultMavenResourcesFiltering - Copying 0 resource
2023-03-09 00:20:17,407 [Worker-63: Building] INFO  o.a.m.s.f.DefaultMavenResourcesFiltering - skip non existing resourceDirectory C:\Users\SALAH\eclipse 2022 workspace\spring mvc cours\demo\src\test\resources
2023-03-09 00:20:54,537 [Worker-59: Building] INFO  o.a.m.s.f.DefaultMavenResourcesFiltering - Copying 1 resource
2023-03-09 00:20:54,551 [Worker-59: Building] INFO  o.a.m.s.f.DefaultMavenResourcesFiltering - Copying 0 resource
2023-03-09 00:20:54,555 [Worker-59: Building] INFO  o.a.m.s.f.DefaultMavenResourcesFiltering - skip non existing resourceDirectory C:\Users\SALAH\eclipse 2022 workspace\spring mvc cours\demo\src\test\resources
2023-03-09 00:21:04,039 [Worker-65: Building] INFO  o.a.m.s.f.DefaultMavenResourcesFiltering - Copying 1 resource
2023-03-09 00:21:04,171 [Worker-65: Building] INFO  o.a.m.s.f.DefaultMavenResourcesFiltering - Copying 0 resource
2023-03-09 00:21:04,175 [Worker-65: Building] INFO  o.a.m.s.f.DefaultMavenResourcesFiltering - skip non existing resourceDirectory C:\Users\SALAH\eclipse 2022 workspace\spring mvc cours\demo\src\test\resources
2023-03-09 00:21:25,127 [Worker-61: Building] INFO  o.a.m.s.f.DefaultMavenResourcesFiltering - Copying 1 resource
2023-03-09 00:21:25,157 [Worker-61: Building] INFO  o.a.m.s.f.DefaultMavenResourcesFiltering - Copying 0 resource
2023-03-09 00:21:25,162 [Worker-61: Building] INFO  o.a.m.s.f.DefaultMavenResourcesFiltering - skip non existing resourceDirectory C:\Users\SALAH\eclipse 2022 workspace\spring mvc cours\demo\src\test\resources
2023-03-09 00:21:26,654 [Worker-59: Building] INFO  o.a.m.s.f.DefaultMavenResourcesFiltering - Copying 1 resource
2023-03-09 00:21:26,672 [Worker-59: Building] INFO  o.a.m.s.f.DefaultMavenResourcesFiltering - Copying 0 resource
2023-03-09 00:21:26,679 [Worker-59: Building] INFO  o.a.m.s.f.DefaultMavenResourcesFiltering - skip non existing resourceDirectory C:\Users\SALAH\eclipse 2022 workspace\spring mvc cours\demo\src\test\resources
2023-03-09 00:21:46,165 [Worker-68: Building] INFO  o.a.m.s.f.DefaultMavenResourcesFiltering - Copying 1 resource
2023-03-09 00:21:46,182 [Worker-68: Building] INFO  o.a.m.s.f.DefaultMavenResourcesFiltering - Copying 0 resource
2023-03-09 00:21:46,192 [Worker-68: Building] INFO  o.a.m.s.f.DefaultMavenResourcesFiltering - skip non existing resourceDirectory C:\Users\SALAH\eclipse 2022 workspace\spring mvc cours\demo\src\test\resources
2023-03-09 00:21:53,198 [Worker-64: Launching DemoApplication] INFO  o.e.m.c.i.p.WorkspaceClassifierResolverManager - Resolving P/CategorieDAO: org.bp:CategorieDAO:0.0.1-SNAPSHOT with classifier null to /CategorieDAO/target/classes
2023-03-09 00:21:53,440 [Worker-64: Launching DemoApplication] INFO  o.e.m.c.i.p.WorkspaceClassifierResolverManager - Resolving P/CategorieDAO: org.bp:CategorieDAO:0.0.1-SNAPSHOT with classifier null to /CategorieDAO/target/classes
2023-03-09 00:21:53,799 [Worker-64: Launching DemoApplication] INFO  o.e.m.c.i.p.WorkspaceClassifierResolverManager - Resolving P/CategorieDAO: org.bp:CategorieDAO:0.0.1-SNAPSHOT with classifier null to /CategorieDAO/target/classes
2023-03-09 00:24:01,916 [Worker-59: Building] INFO  o.a.m.s.f.DefaultMavenResourcesFiltering - Copying 1 resource
2023-03-09 00:24:02,087 [Worker-59: Building] INFO  o.a.m.s.f.DefaultMavenResourcesFiltering - Copying 0 resource
2023-03-09 00:24:02,121 [Worker-59: Building] INFO  o.a.m.s.f.DefaultMavenResourcesFiltering - skip non existing resourceDirectory C:\Users\SALAH\eclipse 2022 workspace\spring mvc cours\demo\src\test\resources
2023-03-09 00:24:10,447 [Worker-70: Launching DemoApplication] INFO  o.e.m.c.i.p.WorkspaceClassifierResolverManager - Resolving P/CategorieDAO: org.bp:CategorieDAO:0.0.1-SNAPSHOT with classifier null to /CategorieDAO/target/classes
2023-03-09 00:24:10,693 [Worker-70: Launching DemoApplication] INFO  o.e.m.c.i.p.WorkspaceClassifierResolverManager - Resolving P/CategorieDAO: org.bp:CategorieDAO:0.0.1-SNAPSHOT with classifier null to /CategorieDAO/target/classes
2023-03-09 00:24:10,924 [Worker-70: Launching DemoApplication] INFO  o.e.m.c.i.p.WorkspaceClassifierResolverManager - Resolving P/CategorieDAO: org.bp:CategorieDAO:0.0.1-SNAPSHOT with classifier null to /CategorieDAO/target/classes
2023-03-09 00:27:00,501 [Worker-69: Building] INFO  o.a.m.s.f.DefaultMavenResourcesFiltering - Copying 1 resource
2023-03-09 00:27:00,544 [Worker-69: Building] INFO  o.a.m.s.f.DefaultMavenResourcesFiltering - Copying 0 resource
2023-03-09 00:27:00,548 [Worker-69: Building] INFO  o.a.m.s.f.DefaultMavenResourcesFiltering - skip non existing resourceDirectory C:\Users\SALAH\eclipse 2022 workspace\spring mvc cours\demo\src\test\resources
2023-03-09 00:27:32,372 [Worker-69: Launching DemoApplication] INFO  o.e.m.c.i.p.WorkspaceClassifierResolverManager - Resolving P/CategorieDAO: org.bp:CategorieDAO:0.0.1-SNAPSHOT with classifier null to /CategorieDAO/target/classes
2023-03-09 00:27:32,699 [Worker-69: Launching DemoApplication] INFO  o.e.m.c.i.p.WorkspaceClassifierResolverManager - Resolving P/CategorieDAO: org.bp:CategorieDAO:0.0.1-SNAPSHOT with classifier null to /CategorieDAO/target/classes
2023-03-09 00:27:32,965 [Worker-69: Launching DemoApplication] INFO  o.e.m.c.i.p.WorkspaceClassifierResolverManager - Resolving P/CategorieDAO: org.bp:CategorieDAO:0.0.1-SNAPSHOT with classifier null to /CategorieDAO/target/classes
2023-03-09 00:28:32,889 [Worker-59: Building] INFO  o.a.m.s.f.DefaultMavenResourcesFiltering - Copying 1 resource
2023-03-09 00:28:32,901 [Worker-59: Building] INFO  o.a.m.s.f.DefaultMavenResourcesFiltering - Copying 0 resource
2023-03-09 00:28:32,907 [Worker-59: Building] INFO  o.a.m.s.f.DefaultMavenResourcesFiltering - skip non existing resourceDirectory C:\Users\SALAH\eclipse 2022 workspace\spring mvc cours\demo\src\test\resources
2023-03-09 00:28:39,358 [Worker-71: Launching DemoApplication] INFO  o.e.m.c.i.p.WorkspaceClassifierResolverManager - Resolving P/CategorieDAO: org.bp:CategorieDAO:0.0.1-SNAPSHOT with classifier null to /CategorieDAO/target/classes
2023-03-09 00:28:40,278 [Worker-71: Launching DemoApplication] INFO  o.e.m.c.i.p.WorkspaceClassifierResolverManager - Resolving P/CategorieDAO: org.bp:CategorieDAO:0.0.1-SNAPSHOT with classifier null to /CategorieDAO/target/classes
2023-03-09 00:28:40,830 [Worker-71: Launching DemoApplication] INFO  o.e.m.c.i.p.WorkspaceClassifierResolverManager - Resolving P/CategorieDAO: org.bp:CategorieDAO:0.0.1-SNAPSHOT with classifier null to /CategorieDAO/target/classes
2023-03-09 00:31:39,486 [Worker-73: Building] INFO  o.a.m.s.f.DefaultMavenResourcesFiltering - Copying 1 resource
2023-03-09 00:31:39,499 [Worker-73: Building] INFO  o.a.m.s.f.DefaultMavenResourcesFiltering - Copying 0 resource
2023-03-09 00:31:39,516 [Worker-73: Building] INFO  o.a.m.s.f.DefaultMavenResourcesFiltering - skip non existing resourceDirectory C:\Users\SALAH\eclipse 2022 workspace\spring mvc cours\demo\src\test\resources
2023-03-09 00:31:49,286 [Worker-71: Launching DemoApplication] INFO  o.e.m.c.i.p.WorkspaceClassifierResolverManager - Resolving P/CategorieDAO: org.bp:CategorieDAO:0.0.1-SNAPSHOT with classifier null to /CategorieDAO/target/classes
2023-03-09 00:31:49,542 [Worker-71: Launching DemoApplication] INFO  o.e.m.c.i.p.WorkspaceClassifierResolverManager - Resolving P/CategorieDAO: org.bp:CategorieDAO:0.0.1-SNAPSHOT with classifier null to /CategorieDAO/target/classes
2023-03-09 00:31:49,768 [Worker-71: Launching DemoApplication] INFO  o.e.m.c.i.p.WorkspaceClassifierResolverManager - Resolving P/CategorieDAO: org.bp:CategorieDAO:0.0.1-SNAPSHOT with classifier null to /CategorieDAO/target/classes
2023-03-09 00:32:25,218 [Worker-75: Building] INFO  o.a.m.s.f.DefaultMavenResourcesFiltering - Copying 1 resource
2023-03-09 00:32:25,240 [Worker-75: Building] INFO  o.a.m.s.f.DefaultMavenResourcesFiltering - Copying 0 resource
2023-03-09 00:32:25,286 [Worker-75: Building] INFO  o.a.m.s.f.DefaultMavenResourcesFiltering - skip non existing resourceDirectory C:\Users\SALAH\eclipse 2022 workspace\spring mvc cours\demo\src\test\resources
2023-03-09 00:32:26,676 [Worker-73: Launching DemoApplication] INFO  o.e.m.c.i.p.WorkspaceClassifierResolverManager - Resolving P/CategorieDAO: org.bp:CategorieDAO:0.0.1-SNAPSHOT with classifier null to /CategorieDAO/target/classes
2023-03-09 00:32:27,400 [Worker-73: Launching DemoApplication] INFO  o.e.m.c.i.p.WorkspaceClassifierResolverManager - Resolving P/CategorieDAO: org.bp:CategorieDAO:0.0.1-SNAPSHOT with classifier null to /CategorieDAO/target/classes
2023-03-09 00:32:28,115 [Worker-73: Launching DemoApplication] INFO  o.e.m.c.i.p.WorkspaceClassifierResolverManager - Resolving P/CategorieDAO: org.bp:CategorieDAO:0.0.1-SNAPSHOT with classifier null to /CategorieDAO/target/classes
2023-03-09 00:49:59,888 [Worker-78: Building] INFO  o.a.m.s.f.DefaultMavenResourcesFiltering - Copying 1 resource
2023-03-09 00:49:59,902 [Worker-78: Building] INFO  o.a.m.s.f.DefaultMavenResourcesFiltering - Copying 0 resource
2023-03-09 00:49:59,941 [Worker-78: Building] INFO  o.a.m.s.f.DefaultMavenResourcesFiltering - skip non existing resourceDirectory C:\Users\SALAH\eclipse 2022 workspace\spring mvc cours\demo\src\test\resources
2023-03-09 00:50:33,486 [Worker-80: Building] INFO  o.a.m.s.f.DefaultMavenResourcesFiltering - Copying 1 resource
2023-03-09 00:50:33,499 [Worker-80: Building] INFO  o.a.m.s.f.DefaultMavenResourcesFiltering - Copying 0 resource
2023-03-09 00:50:33,504 [Worker-80: Building] INFO  o.a.m.s.f.DefaultMavenResourcesFiltering - skip non existing resourceDirectory C:\Users\SALAH\eclipse 2022 workspace\spring mvc cours\demo\src\test\resources
2023-03-09 00:56:30,006 [Worker-77: Building] INFO  o.a.m.s.f.DefaultMavenResourcesFiltering - Copying 1 resource
2023-03-09 00:56:30,021 [Worker-77: Building] INFO  o.a.m.s.f.DefaultMavenResourcesFiltering - Copying 0 resource
2023-03-09 00:56:30,029 [Worker-77: Building] INFO  o.a.m.s.f.DefaultMavenResourcesFiltering - skip non existing resourceDirectory C:\Users\SALAH\eclipse 2022 workspace\spring mvc cours\demo\src\test\resources
2023-03-09 00:57:11,450 [Worker-77: Building] INFO  o.a.m.s.f.DefaultMavenResourcesFiltering - Copying 0 resource
2023-03-09 00:57:11,450 [Worker-77: Building] INFO  o.a.m.s.f.DefaultMavenResourcesFiltering - Copying 1 resource
2023-03-09 00:57:11,676 [Worker-77: Building] INFO  o.a.m.s.f.DefaultMavenResourcesFiltering - skip non existing resourceDirectory C:\Users\SALAH\eclipse 2022 workspace\spring mvc cours\demo\src\test\resources
